17-Aug-2020 21:40:56.052 INFO [main] org.apache.catalina.startup.VersionLoggerListener.log Server version name:   Apache Tomcat/8.5.57
17-Aug-2020 21:40:56.055 INFO [main] org.apache.catalina.startup.VersionLoggerListener.log Server built:          Jun 30 2020 21:49:10 UTC
17-Aug-2020 21:40:56.057 INFO [main] org.apache.catalina.startup.VersionLoggerListener.log Server version number: 8.5.57.0
17-Aug-2020 21:40:56.058 INFO [main] org.apache.catalina.startup.VersionLoggerListener.log OS Name:               Windows 10
17-Aug-2020 21:40:56.058 INFO [main] org.apache.catalina.startup.VersionLoggerListener.log OS Version:            10.0
17-Aug-2020 21:40:56.058 INFO [main] org.apache.catalina.startup.VersionLoggerListener.log Architecture:          amd64
17-Aug-2020 21:40:56.065 INFO [main] org.apache.catalina.startup.VersionLoggerListener.log Java Home:             C:\Program Files\Java\jdk1.8.0_231\jre
17-Aug-2020 21:40:56.066 INFO [main] org.apache.catalina.startup.VersionLoggerListener.log JVM Version:           1.8.0_231-b11
17-Aug-2020 21:40:56.066 INFO [main] org.apache.catalina.startup.VersionLoggerListener.log JVM Vendor:            Oracle Corporation
17-Aug-2020 21:40:56.066 INFO [main] org.apache.catalina.startup.VersionLoggerListener.log CATALINA_BASE:         C:\Users\navee\AutomationFramework\apache-tomcat-8.5.57-windows-x64\apache-tomcat-8.5.57
17-Aug-2020 21:40:56.066 INFO [main] org.apache.catalina.startup.VersionLoggerListener.log CATALINA_HOME:         C:\Users\navee\AutomationFramework\apache-tomcat-8.5.57-windows-x64\apache-tomcat-8.5.57
17-Aug-2020 21:40:56.066 INFO [main] org.apache.catalina.startup.VersionLoggerListener.log Command line argument: -Djava.util.logging.config.file=C:/Users/navee/AutomationFramework/apache-tomcat-8.5.57-windows-x64/apache-tomcat-8.5.57/conf/logging.properties
17-Aug-2020 21:40:56.066 INFO [main] org.apache.catalina.startup.VersionLoggerListener.log Command line argument: -Djava.util.logging.manager=org.apache.juli.ClassLoaderLogManager
17-Aug-2020 21:40:56.066 INFO [main] org.apache.catalina.startup.VersionLoggerListener.log Command line argument: -Djdk.tls.ephemeralDHKeySize=2048
17-Aug-2020 21:40:56.067 INFO [main] org.apache.catalina.startup.VersionLoggerListener.log Command line argument: -Djava.protocol.handler.pkgs=org.apache.catalina.webresources
17-Aug-2020 21:40:56.067 INFO [main] org.apache.catalina.startup.VersionLoggerListener.log Command line argument: -Dorg.apache.catalina.security.SecurityListener.UMASK=0027
17-Aug-2020 21:40:56.067 INFO [main] org.apache.catalina.startup.VersionLoggerListener.log Command line argument: -Dignore.endorsed.dirs=
17-Aug-2020 21:40:56.067 INFO [main] org.apache.catalina.startup.VersionLoggerListener.log Command line argument: -Dcatalina.base=C:/Users/navee/AutomationFramework/apache-tomcat-8.5.57-windows-x64/apache-tomcat-8.5.57
17-Aug-2020 21:40:56.067 INFO [main] org.apache.catalina.startup.VersionLoggerListener.log Command line argument: -Dcatalina.home=C:/Users/navee/AutomationFramework/apache-tomcat-8.5.57-windows-x64/apache-tomcat-8.5.57
17-Aug-2020 21:40:56.067 INFO [main] org.apache.catalina.startup.VersionLoggerListener.log Command line argument: -Djava.io.tmpdir=C:/Users/navee/AutomationFramework/apache-tomcat-8.5.57-windows-x64/apache-tomcat-8.5.57/temp
17-Aug-2020 21:40:56.067 INFO [main] org.apache.catalina.core.AprLifecycleListener.lifecycleEvent Loaded Apache Tomcat Native library [1.2.24] using APR version [1.7.0].
17-Aug-2020 21:40:56.067 INFO [main] org.apache.catalina.core.AprLifecycleListener.lifecycleEvent APR capabilities: IPv6 [true], sendfile [true], accept filters [false], random [true].
17-Aug-2020 21:40:56.067 INFO [main] org.apache.catalina.core.AprLifecycleListener.lifecycleEvent APR/OpenSSL configuration: useAprConnector [false], useOpenSSL [true]
17-Aug-2020 21:40:56.076 INFO [main] org.apache.catalina.core.AprLifecycleListener.initializeSSL OpenSSL successfully initialized [OpenSSL 1.1.1g  21 Apr 2020]
17-Aug-2020 21:40:56.254 INFO [main] org.apache.coyote.AbstractProtocol.init Initializing ProtocolHandler ["http-nio-8080"]
17-Aug-2020 21:40:56.265 SEVERE [main] org.apache.catalina.core.StandardService.initInternal Failed to initialize connector [Connector[HTTP/1.1-8080]]
	org.apache.catalina.LifecycleException: Protocol handler initialization failed
		at org.apache.catalina.connector.Connector.initInternal(Connector.java:1077)
		at org.apache.catalina.util.LifecycleBase.init(LifecycleBase.java:136)
		at org.apache.catalina.core.StandardService.initInternal(StandardService.java:552)
		at org.apache.catalina.util.LifecycleBase.init(LifecycleBase.java:136)
		at org.apache.catalina.core.StandardServer.initInternal(StandardServer.java:848)
		at org.apache.catalina.util.LifecycleBase.init(LifecycleBase.java:136)
		at org.apache.catalina.startup.Catalina.load(Catalina.java:639)
		at org.apache.catalina.startup.Catalina.load(Catalina.java:662)
		at sun.reflect.NativeMethodAccessorImpl.invoke0(Native Method)
		at sun.reflect.NativeMethodAccessorImpl.invoke(NativeMethodAccessorImpl.java:62)
		at sun.reflect.DelegatingMethodAccessorImpl.invoke(DelegatingMethodAccessorImpl.java:43)
		at java.lang.reflect.Method.invoke(Method.java:498)
		at org.apache.catalina.startup.Bootstrap.load(Bootstrap.java:302)
		at org.apache.catalina.startup.Bootstrap.main(Bootstrap.java:472)
	Caused by: java.net.BindException: Address already in use: bind
		at sun.nio.ch.Net.bind0(Native Method)
		at sun.nio.ch.Net.bind(Net.java:433)
		at sun.nio.ch.Net.bind(Net.java:425)
		at sun.nio.ch.ServerSocketChannelImpl.bind(ServerSocketChannelImpl.java:223)
		at sun.nio.ch.ServerSocketAdaptor.bind(ServerSocketAdaptor.java:74)
		at org.apache.tomcat.util.net.NioEndpoint.bind(NioEndpoint.java:221)
		at org.apache.tomcat.util.net.AbstractEndpoint.init(AbstractEndpoint.java:1118)
		at org.apache.tomcat.util.net.AbstractJsseEndpoint.init(AbstractJsseEndpoint.java:222)
		at org.apache.coyote.AbstractProtocol.init(AbstractProtocol.java:587)
		at org.apache.coyote.http11.AbstractHttp11Protocol.init(AbstractHttp11Protocol.java:74)
		at org.apache.catalina.connector.Connector.initInternal(Connector.java:1075)
		... 13 more
17-Aug-2020 21:40:56.266 INFO [main] org.apache.catalina.startup.Catalina.load Initialization processed in 894 ms
17-Aug-2020 21:40:56.321 INFO [main] org.apache.catalina.core.StandardService.startInternal Starting service [Catalina]
17-Aug-2020 21:40:56.321 INFO [main] org.apache.catalina.core.StandardEngine.startInternal Starting Servlet Engine: Apache Tomcat/8.5.57
17-Aug-2020 21:40:56.354 INFO [localhost-startStop-1] org.apache.catalina.startup.HostConfig.deployWAR Deploying web application archive [C:\Users\navee\AutomationFramework\apache-tomcat-8.5.57-windows-x64\apache-tomcat-8.5.57\webapps\webapp.war]
17-Aug-2020 21:40:56.946 WARNING [localhost-startStop-1] org.apache.catalina.util.SessionIdGeneratorBase.createSecureRandom Creation of SecureRandom instance for session ID generation using [SHA1PRNG] took [191] milliseconds.
17-Aug-2020 21:40:56.979 INFO [localhost-startStop-1] org.apache.catalina.startup.HostConfig.deployWAR Deployment of web application archive [C:\Users\navee\AutomationFramework\apache-tomcat-8.5.57-windows-x64\apache-tomcat-8.5.57\webapps\webapp.war] has finished in [625] ms
17-Aug-2020 21:40:56.980 INFO [localhost-startStop-1] org.apache.catalina.startup.HostConfig.deployDirectory Deploying web application directory [C:\Users\navee\AutomationFramework\apache-tomcat-8.5.57-windows-x64\apache-tomcat-8.5.57\webapps\docs]
17-Aug-2020 21:40:57.026 INFO [localhost-startStop-1] org.apache.catalina.startup.HostConfig.deployDirectory Deployment of web application directory [C:\Users\navee\AutomationFramework\apache-tomcat-8.5.57-windows-x64\apache-tomcat-8.5.57\webapps\docs] has finished in [45] ms
17-Aug-2020 21:40:57.026 INFO [localhost-startStop-1] org.apache.catalina.startup.HostConfig.deployDirectory Deploying web application directory [C:\Users\navee\AutomationFramework\apache-tomcat-8.5.57-windows-x64\apache-tomcat-8.5.57\webapps\examples]
17-Aug-2020 21:40:57.565 INFO [localhost-startStop-1] org.apache.catalina.startup.HostConfig.deployDirectory Deployment of web application directory [C:\Users\navee\AutomationFramework\apache-tomcat-8.5.57-windows-x64\apache-tomcat-8.5.57\webapps\examples] has finished in [539] ms
17-Aug-2020 21:40:57.565 INFO [localhost-startStop-1] org.apache.catalina.startup.HostConfig.deployDirectory Deploying web application directory [C:\Users\navee\AutomationFramework\apache-tomcat-8.5.57-windows-x64\apache-tomcat-8.5.57\webapps\host-manager]
17-Aug-2020 21:40:57.607 INFO [localhost-startStop-1] org.apache.catalina.startup.HostConfig.deployDirectory Deployment of web application directory [C:\Users\navee\AutomationFramework\apache-tomcat-8.5.57-windows-x64\apache-tomcat-8.5.57\webapps\host-manager] has finished in [42] ms
17-Aug-2020 21:40:57.609 INFO [localhost-startStop-1] org.apache.catalina.startup.HostConfig.deployDirectory Deploying web application directory [C:\Users\navee\AutomationFramework\apache-tomcat-8.5.57-windows-x64\apache-tomcat-8.5.57\webapps\manager]
17-Aug-2020 21:40:57.649 INFO [localhost-startStop-1] org.apache.catalina.startup.HostConfig.deployDirectory Deployment of web application directory [C:\Users\navee\AutomationFramework\apache-tomcat-8.5.57-windows-x64\apache-tomcat-8.5.57\webapps\manager] has finished in [42] ms
17-Aug-2020 21:40:57.649 INFO [localhost-startStop-1] org.apache.catalina.startup.HostConfig.deployDirectory Deploying web application directory [C:\Users\navee\AutomationFramework\apache-tomcat-8.5.57-windows-x64\apache-tomcat-8.5.57\webapps\ROOT]
17-Aug-2020 21:40:57.690 INFO [localhost-startStop-1] org.apache.catalina.startup.HostConfig.deployDirectory Deployment of web application directory [C:\Users\navee\AutomationFramework\apache-tomcat-8.5.57-windows-x64\apache-tomcat-8.5.57\webapps\ROOT] has finished in [41] ms
17-Aug-2020 21:40:57.696 INFO [main] org.apache.catalina.startup.Catalina.start Server startup in 1428 ms
17-Aug-2020 21:40:57.706 SEVERE [main] org.apache.catalina.core.StandardServer.await StandardServer.await: create[localhost:8005]: 
	java.net.BindException: Address already in use: JVM_Bind
		at java.net.DualStackPlainSocketImpl.bind0(Native Method)
		at java.net.DualStackPlainSocketImpl.socketBind(DualStackPlainSocketImpl.java:106)
		at java.net.AbstractPlainSocketImpl.bind(AbstractPlainSocketImpl.java:387)
		at java.net.PlainSocketImpl.bind(PlainSocketImpl.java:190)
		at java.net.ServerSocket.bind(ServerSocket.java:375)
		at java.net.ServerSocket.<init>(ServerSocket.java:237)
		at org.apache.catalina.core.StandardServer.await(StandardServer.java:421)
		at org.apache.catalina.startup.Catalina.await(Catalina.java:776)
		at org.apache.catalina.startup.Catalina.start(Catalina.java:722)
		at sun.reflect.NativeMethodAccessorImpl.invoke0(Native Method)
		at sun.reflect.NativeMethodAccessorImpl.invoke(NativeMethodAccessorImpl.java:62)
		at sun.reflect.DelegatingMethodAccessorImpl.invoke(DelegatingMethodAccessorImpl.java:43)
		at java.lang.reflect.Method.invoke(Method.java:498)
		at org.apache.catalina.startup.Bootstrap.start(Bootstrap.java:342)
		at org.apache.catalina.startup.Bootstrap.main(Bootstrap.java:473)
17-Aug-2020 21:40:57.707 INFO [main] org.apache.coyote.AbstractProtocol.pause Pausing ProtocolHandler ["http-nio-8080"]
17-Aug-2020 21:40:57.707 INFO [main] org.apache.catalina.core.StandardService.stopInternal Stopping service [Catalina]
17-Aug-2020 21:40:57.755 INFO [main] org.apache.coyote.AbstractProtocol.stop Stopping ProtocolHandler ["http-nio-8080"]
17-Aug-2020 21:40:57.755 INFO [main] org.apache.coyote.AbstractProtocol.destroy Destroying ProtocolHandler ["http-nio-8080"]
