22-Aug-2020 20:20:43.960 INFO [main] org.apache.catalina.startup.VersionLoggerListener.log Server version name:   Apache Tomcat/8.5.57
22-Aug-2020 20:20:43.967 INFO [main] org.apache.catalina.startup.VersionLoggerListener.log Server built:          Jun 30 2020 21:49:10 UTC
22-Aug-2020 20:20:43.969 INFO [main] org.apache.catalina.startup.VersionLoggerListener.log Server version number: 8.5.57.0
22-Aug-2020 20:20:43.969 INFO [main] org.apache.catalina.startup.VersionLoggerListener.log OS Name:               Windows 10
22-Aug-2020 20:20:43.971 INFO [main] org.apache.catalina.startup.VersionLoggerListener.log OS Version:            10.0
22-Aug-2020 20:20:43.971 INFO [main] org.apache.catalina.startup.VersionLoggerListener.log Architecture:          amd64
22-Aug-2020 20:20:43.972 INFO [main] org.apache.catalina.startup.VersionLoggerListener.log Java Home:             C:\Program Files\Java\jdk1.8.0_231\jre
22-Aug-2020 20:20:43.972 INFO [main] org.apache.catalina.startup.VersionLoggerListener.log JVM Version:           1.8.0_231-b11
22-Aug-2020 20:20:43.972 INFO [main] org.apache.catalina.startup.VersionLoggerListener.log JVM Vendor:            Oracle Corporation
22-Aug-2020 20:20:43.973 INFO [main] org.apache.catalina.startup.VersionLoggerListener.log CATALINA_BASE:         C:\Users\navee\AutomationFramework\apache-tomcat-8.5.57-windows-x64\apache-tomcat-8.5.57
22-Aug-2020 20:20:43.973 INFO [main] org.apache.catalina.startup.VersionLoggerListener.log CATALINA_HOME:         C:\Users\navee\AutomationFramework\apache-tomcat-8.5.57-windows-x64\apache-tomcat-8.5.57
22-Aug-2020 20:20:43.973 INFO [main] org.apache.catalina.startup.VersionLoggerListener.log Command line argument: -Djava.util.logging.config.file=C:\Users\navee\AutomationFramework\apache-tomcat-8.5.57-windows-x64\apache-tomcat-8.5.57\conf\logging.properties
22-Aug-2020 20:20:43.974 INFO [main] org.apache.catalina.startup.VersionLoggerListener.log Command line argument: -Djava.util.logging.manager=org.apache.juli.ClassLoaderLogManager
22-Aug-2020 20:20:43.974 INFO [main] org.apache.catalina.startup.VersionLoggerListener.log Command line argument: -Djdk.tls.ephemeralDHKeySize=2048
22-Aug-2020 20:20:43.974 INFO [main] org.apache.catalina.startup.VersionLoggerListener.log Command line argument: -Djava.protocol.handler.pkgs=org.apache.catalina.webresources
22-Aug-2020 20:20:43.974 INFO [main] org.apache.catalina.startup.VersionLoggerListener.log Command line argument: -Dignore.endorsed.dirs=
22-Aug-2020 20:20:43.975 INFO [main] org.apache.catalina.startup.VersionLoggerListener.log Command line argument: -Dcatalina.base=C:\Users\navee\AutomationFramework\apache-tomcat-8.5.57-windows-x64\apache-tomcat-8.5.57
22-Aug-2020 20:20:43.976 INFO [main] org.apache.catalina.startup.VersionLoggerListener.log Command line argument: -Dcatalina.home=C:\Users\navee\AutomationFramework\apache-tomcat-8.5.57-windows-x64\apache-tomcat-8.5.57
22-Aug-2020 20:20:43.976 INFO [main] org.apache.catalina.startup.VersionLoggerListener.log Command line argument: -Djava.io.tmpdir=C:\Users\navee\AutomationFramework\apache-tomcat-8.5.57-windows-x64\apache-tomcat-8.5.57\temp
22-Aug-2020 20:20:43.979 INFO [main] org.apache.catalina.core.AprLifecycleListener.lifecycleEvent Loaded Apache Tomcat Native library [1.2.24] using APR version [1.7.0].
22-Aug-2020 20:20:43.987 INFO [main] org.apache.catalina.core.AprLifecycleListener.lifecycleEvent APR capabilities: IPv6 [true], sendfile [true], accept filters [false], random [true].
22-Aug-2020 20:20:43.988 INFO [main] org.apache.catalina.core.AprLifecycleListener.lifecycleEvent APR/OpenSSL configuration: useAprConnector [false], useOpenSSL [true]
22-Aug-2020 20:20:44.014 INFO [main] org.apache.catalina.core.AprLifecycleListener.initializeSSL OpenSSL successfully initialized [OpenSSL 1.1.1g  21 Apr 2020]
22-Aug-2020 20:20:44.299 INFO [main] org.apache.coyote.AbstractProtocol.init Initializing ProtocolHandler ["http-nio-8080"]
22-Aug-2020 20:20:44.723 INFO [main] org.apache.tomcat.util.net.NioSelectorPool.getSharedSelector Using a shared selector for servlet write/read
22-Aug-2020 20:20:44.750 INFO [main] org.apache.catalina.startup.Catalina.load Initialization processed in 1658 ms
22-Aug-2020 20:20:44.795 INFO [main] org.apache.catalina.core.StandardService.startInternal Starting service [Catalina]
22-Aug-2020 20:20:44.796 INFO [main] org.apache.catalina.core.StandardEngine.startInternal Starting Servlet Engine: Apache Tomcat/8.5.57
22-Aug-2020 20:20:44.847 INFO [localhost-startStop-1] org.apache.catalina.startup.HostConfig.deployWAR Deploying web application archive [C:\Users\navee\AutomationFramework\apache-tomcat-8.5.57-windows-x64\apache-tomcat-8.5.57\webapps\webapp.war]
22-Aug-2020 20:20:45.333 INFO [localhost-startStop-1] org.apache.catalina.startup.HostConfig.deployWAR Deployment of web application archive [C:\Users\navee\AutomationFramework\apache-tomcat-8.5.57-windows-x64\apache-tomcat-8.5.57\webapps\webapp.war] has finished in [484] ms
22-Aug-2020 20:20:45.334 INFO [localhost-startStop-1] org.apache.catalina.startup.HostConfig.deployDirectory Deploying web application directory [C:\Users\navee\AutomationFramework\apache-tomcat-8.5.57-windows-x64\apache-tomcat-8.5.57\webapps\docs]
22-Aug-2020 20:20:45.388 INFO [localhost-startStop-1] org.apache.catalina.startup.HostConfig.deployDirectory Deployment of web application directory [C:\Users\navee\AutomationFramework\apache-tomcat-8.5.57-windows-x64\apache-tomcat-8.5.57\webapps\docs] has finished in [54] ms
22-Aug-2020 20:20:45.389 INFO [localhost-startStop-1] org.apache.catalina.startup.HostConfig.deployDirectory Deploying web application directory [C:\Users\navee\AutomationFramework\apache-tomcat-8.5.57-windows-x64\apache-tomcat-8.5.57\webapps\examples]
22-Aug-2020 20:20:46.169 INFO [localhost-startStop-1] org.apache.catalina.startup.HostConfig.deployDirectory Deployment of web application directory [C:\Users\navee\AutomationFramework\apache-tomcat-8.5.57-windows-x64\apache-tomcat-8.5.57\webapps\examples] has finished in [780] ms
22-Aug-2020 20:20:46.169 INFO [localhost-startStop-1] org.apache.catalina.startup.HostConfig.deployDirectory Deploying web application directory [C:\Users\navee\AutomationFramework\apache-tomcat-8.5.57-windows-x64\apache-tomcat-8.5.57\webapps\host-manager]
22-Aug-2020 20:20:46.237 INFO [localhost-startStop-1] org.apache.catalina.startup.HostConfig.deployDirectory Deployment of web application directory [C:\Users\navee\AutomationFramework\apache-tomcat-8.5.57-windows-x64\apache-tomcat-8.5.57\webapps\host-manager] has finished in [68] ms
22-Aug-2020 20:20:46.238 INFO [localhost-startStop-1] org.apache.catalina.startup.HostConfig.deployDirectory Deploying web application directory [C:\Users\navee\AutomationFramework\apache-tomcat-8.5.57-windows-x64\apache-tomcat-8.5.57\webapps\manager]
22-Aug-2020 20:20:46.294 INFO [localhost-startStop-1] org.apache.catalina.startup.HostConfig.deployDirectory Deployment of web application directory [C:\Users\navee\AutomationFramework\apache-tomcat-8.5.57-windows-x64\apache-tomcat-8.5.57\webapps\manager] has finished in [56] ms
22-Aug-2020 20:20:46.294 INFO [localhost-startStop-1] org.apache.catalina.startup.HostConfig.deployDirectory Deploying web application directory [C:\Users\navee\AutomationFramework\apache-tomcat-8.5.57-windows-x64\apache-tomcat-8.5.57\webapps\ROOT]
22-Aug-2020 20:20:46.344 INFO [localhost-startStop-1] org.apache.catalina.startup.HostConfig.deployDirectory Deployment of web application directory [C:\Users\navee\AutomationFramework\apache-tomcat-8.5.57-windows-x64\apache-tomcat-8.5.57\webapps\ROOT] has finished in [49] ms
22-Aug-2020 20:20:46.349 INFO [main] org.apache.coyote.AbstractProtocol.start Starting ProtocolHandler ["http-nio-8080"]
22-Aug-2020 20:20:46.365 INFO [main] org.apache.catalina.startup.Catalina.start Server startup in 1613 ms
