17-Aug-2020 21:21:57.174 INFO [main] org.apache.catalina.startup.VersionLoggerListener.log Server version name:   Apache Tomcat/8.5.57
17-Aug-2020 21:21:57.179 INFO [main] org.apache.catalina.startup.VersionLoggerListener.log Server built:          Jun 30 2020 21:49:10 UTC
17-Aug-2020 21:21:57.181 INFO [main] org.apache.catalina.startup.VersionLoggerListener.log Server version number: 8.5.57.0
17-Aug-2020 21:21:57.182 INFO [main] org.apache.catalina.startup.VersionLoggerListener.log OS Name:               Windows 10
17-Aug-2020 21:21:57.182 INFO [main] org.apache.catalina.startup.VersionLoggerListener.log OS Version:            10.0
17-Aug-2020 21:21:57.182 INFO [main] org.apache.catalina.startup.VersionLoggerListener.log Architecture:          amd64
17-Aug-2020 21:21:57.182 INFO [main] org.apache.catalina.startup.VersionLoggerListener.log Java Home:             C:\Program Files\Java\jdk1.8.0_231\jre
17-Aug-2020 21:21:57.183 INFO [main] org.apache.catalina.startup.VersionLoggerListener.log JVM Version:           1.8.0_231-b11
17-Aug-2020 21:21:57.184 INFO [main] org.apache.catalina.startup.VersionLoggerListener.log JVM Vendor:            Oracle Corporation
17-Aug-2020 21:21:57.184 INFO [main] org.apache.catalina.startup.VersionLoggerListener.log CATALINA_BASE:         C:\Users\navee\AutomationFramework\apache-tomcat-8.5.57-windows-x64\apache-tomcat-8.5.57
17-Aug-2020 21:21:57.185 INFO [main] org.apache.catalina.startup.VersionLoggerListener.log CATALINA_HOME:         C:\Users\navee\AutomationFramework\apache-tomcat-8.5.57-windows-x64\apache-tomcat-8.5.57
17-Aug-2020 21:21:57.186 INFO [main] org.apache.catalina.startup.VersionLoggerListener.log Command line argument: -Djava.util.logging.config.file=C:\Users\navee\AutomationFramework\apache-tomcat-8.5.57-windows-x64\apache-tomcat-8.5.57\conf\logging.properties
17-Aug-2020 21:21:57.186 INFO [main] org.apache.catalina.startup.VersionLoggerListener.log Command line argument: -Djava.util.logging.manager=org.apache.juli.ClassLoaderLogManager
17-Aug-2020 21:21:57.186 INFO [main] org.apache.catalina.startup.VersionLoggerListener.log Command line argument: -Djdk.tls.ephemeralDHKeySize=2048
17-Aug-2020 21:21:57.187 INFO [main] org.apache.catalina.startup.VersionLoggerListener.log Command line argument: -Djava.protocol.handler.pkgs=org.apache.catalina.webresources
17-Aug-2020 21:21:57.187 INFO [main] org.apache.catalina.startup.VersionLoggerListener.log Command line argument: -Dignore.endorsed.dirs=
17-Aug-2020 21:21:57.187 INFO [main] org.apache.catalina.startup.VersionLoggerListener.log Command line argument: -Dcatalina.base=C:\Users\navee\AutomationFramework\apache-tomcat-8.5.57-windows-x64\apache-tomcat-8.5.57
17-Aug-2020 21:21:57.188 INFO [main] org.apache.catalina.startup.VersionLoggerListener.log Command line argument: -Dcatalina.home=C:\Users\navee\AutomationFramework\apache-tomcat-8.5.57-windows-x64\apache-tomcat-8.5.57
17-Aug-2020 21:21:57.189 INFO [main] org.apache.catalina.startup.VersionLoggerListener.log Command line argument: -Djava.io.tmpdir=C:\Users\navee\AutomationFramework\apache-tomcat-8.5.57-windows-x64\apache-tomcat-8.5.57\temp
17-Aug-2020 21:21:57.191 INFO [main] org.apache.catalina.core.AprLifecycleListener.lifecycleEvent Loaded Apache Tomcat Native library [1.2.24] using APR version [1.7.0].
17-Aug-2020 21:21:57.198 INFO [main] org.apache.catalina.core.AprLifecycleListener.lifecycleEvent APR capabilities: IPv6 [true], sendfile [true], accept filters [false], random [true].
17-Aug-2020 21:21:57.199 INFO [main] org.apache.catalina.core.AprLifecycleListener.lifecycleEvent APR/OpenSSL configuration: useAprConnector [false], useOpenSSL [true]
17-Aug-2020 21:21:57.225 INFO [main] org.apache.catalina.core.AprLifecycleListener.initializeSSL OpenSSL successfully initialized [OpenSSL 1.1.1g  21 Apr 2020]
17-Aug-2020 21:21:57.472 INFO [main] org.apache.coyote.AbstractProtocol.init Initializing ProtocolHandler ["http-nio-8080"]
17-Aug-2020 21:21:57.490 SEVERE [main] org.apache.catalina.core.StandardService.initInternal Failed to initialize connector [Connector[HTTP/1.1-8080]]
	org.apache.catalina.LifecycleException: Protocol handler initialization failed
		at org.apache.catalina.connector.Connector.initInternal(Connector.java:1077)
		at org.apache.catalina.util.LifecycleBase.init(LifecycleBase.java:136)
		at org.apache.catalina.core.StandardService.initInternal(StandardService.java:552)
		at org.apache.catalina.util.LifecycleBase.init(LifecycleBase.java:136)
		at org.apache.catalina.core.StandardServer.initInternal(StandardServer.java:848)
		at org.apache.catalina.util.LifecycleBase.init(LifecycleBase.java:136)
		at org.apache.catalina.startup.Catalina.load(Catalina.java:639)
		at org.apache.catalina.startup.Catalina.load(Catalina.java:662)
		at sun.reflect.NativeMethodAccessorImpl.invoke0(Native Method)
		at sun.reflect.NativeMethodAccessorImpl.invoke(NativeMethodAccessorImpl.java:62)
		at sun.reflect.DelegatingMethodAccessorImpl.invoke(DelegatingMethodAccessorImpl.java:43)
		at java.lang.reflect.Method.invoke(Method.java:498)
		at org.apache.catalina.startup.Bootstrap.load(Bootstrap.java:302)
		at org.apache.catalina.startup.Bootstrap.main(Bootstrap.java:472)
	Caused by: java.net.BindException: Address already in use: bind
		at sun.nio.ch.Net.bind0(Native Method)
		at sun.nio.ch.Net.bind(Net.java:433)
		at sun.nio.ch.Net.bind(Net.java:425)
		at sun.nio.ch.ServerSocketChannelImpl.bind(ServerSocketChannelImpl.java:223)
		at sun.nio.ch.ServerSocketAdaptor.bind(ServerSocketAdaptor.java:74)
		at org.apache.tomcat.util.net.NioEndpoint.bind(NioEndpoint.java:221)
		at org.apache.tomcat.util.net.AbstractEndpoint.init(AbstractEndpoint.java:1118)
		at org.apache.tomcat.util.net.AbstractJsseEndpoint.init(AbstractJsseEndpoint.java:222)
		at org.apache.coyote.AbstractProtocol.init(AbstractProtocol.java:587)
		at org.apache.coyote.http11.AbstractHttp11Protocol.init(AbstractHttp11Protocol.java:74)
		at org.apache.catalina.connector.Connector.initInternal(Connector.java:1075)
		... 13 more
17-Aug-2020 21:21:57.493 INFO [main] org.apache.catalina.startup.Catalina.load Initialization processed in 1175 ms
17-Aug-2020 21:21:57.559 INFO [main] org.apache.catalina.core.StandardService.startInternal Starting service [Catalina]
17-Aug-2020 21:21:57.560 INFO [main] org.apache.catalina.core.StandardEngine.startInternal Starting Servlet Engine: Apache Tomcat/8.5.57
17-Aug-2020 21:21:57.608 INFO [localhost-startStop-1] org.apache.catalina.startup.HostConfig.deployWAR Deploying web application archive [C:\Users\navee\AutomationFramework\apache-tomcat-8.5.57-windows-x64\apache-tomcat-8.5.57\webapps\webapp.war]
17-Aug-2020 21:21:58.277 WARNING [localhost-startStop-1] org.apache.catalina.util.SessionIdGeneratorBase.createSecureRandom Creation of SecureRandom instance for session ID generation using [SHA1PRNG] took [229] milliseconds.
17-Aug-2020 21:21:58.319 INFO [localhost-startStop-1] org.apache.catalina.startup.HostConfig.deployWAR Deployment of web application archive [C:\Users\navee\AutomationFramework\apache-tomcat-8.5.57-windows-x64\apache-tomcat-8.5.57\webapps\webapp.war] has finished in [711] ms
17-Aug-2020 21:21:58.321 INFO [localhost-startStop-1] org.apache.catalina.startup.HostConfig.deployDirectory Deploying web application directory [C:\Users\navee\AutomationFramework\apache-tomcat-8.5.57-windows-x64\apache-tomcat-8.5.57\webapps\docs]
17-Aug-2020 21:21:58.372 INFO [localhost-startStop-1] org.apache.catalina.startup.HostConfig.deployDirectory Deployment of web application directory [C:\Users\navee\AutomationFramework\apache-tomcat-8.5.57-windows-x64\apache-tomcat-8.5.57\webapps\docs] has finished in [52] ms
17-Aug-2020 21:21:58.373 INFO [localhost-startStop-1] org.apache.catalina.startup.HostConfig.deployDirectory Deploying web application directory [C:\Users\navee\AutomationFramework\apache-tomcat-8.5.57-windows-x64\apache-tomcat-8.5.57\webapps\examples]
17-Aug-2020 21:21:59.126 INFO [localhost-startStop-1] org.apache.catalina.startup.HostConfig.deployDirectory Deployment of web application directory [C:\Users\navee\AutomationFramework\apache-tomcat-8.5.57-windows-x64\apache-tomcat-8.5.57\webapps\examples] has finished in [754] ms
17-Aug-2020 21:21:59.126 INFO [localhost-startStop-1] org.apache.catalina.startup.HostConfig.deployDirectory Deploying web application directory [C:\Users\navee\AutomationFramework\apache-tomcat-8.5.57-windows-x64\apache-tomcat-8.5.57\webapps\host-manager]
17-Aug-2020 21:21:59.201 INFO [localhost-startStop-1] org.apache.catalina.startup.HostConfig.deployDirectory Deployment of web application directory [C:\Users\navee\AutomationFramework\apache-tomcat-8.5.57-windows-x64\apache-tomcat-8.5.57\webapps\host-manager] has finished in [75] ms
17-Aug-2020 21:21:59.201 INFO [localhost-startStop-1] org.apache.catalina.startup.HostConfig.deployDirectory Deploying web application directory [C:\Users\navee\AutomationFramework\apache-tomcat-8.5.57-windows-x64\apache-tomcat-8.5.57\webapps\manager]
17-Aug-2020 21:21:59.262 INFO [localhost-startStop-1] org.apache.catalina.startup.HostConfig.deployDirectory Deployment of web application directory [C:\Users\navee\AutomationFramework\apache-tomcat-8.5.57-windows-x64\apache-tomcat-8.5.57\webapps\manager] has finished in [60] ms
17-Aug-2020 21:21:59.262 INFO [localhost-startStop-1] org.apache.catalina.startup.HostConfig.deployDirectory Deploying web application directory [C:\Users\navee\AutomationFramework\apache-tomcat-8.5.57-windows-x64\apache-tomcat-8.5.57\webapps\ROOT]
17-Aug-2020 21:21:59.322 INFO [localhost-startStop-1] org.apache.catalina.startup.HostConfig.deployDirectory Deployment of web application directory [C:\Users\navee\AutomationFramework\apache-tomcat-8.5.57-windows-x64\apache-tomcat-8.5.57\webapps\ROOT] has finished in [60] ms
17-Aug-2020 21:21:59.330 INFO [main] org.apache.catalina.startup.Catalina.start Server startup in 1830 ms
17-Aug-2020 21:35:28.898 INFO [main] org.apache.catalina.startup.VersionLoggerListener.log Server version name:   Apache Tomcat/8.5.57
17-Aug-2020 21:35:28.904 INFO [main] org.apache.catalina.startup.VersionLoggerListener.log Server built:          Jun 30 2020 21:49:10 UTC
17-Aug-2020 21:35:28.904 INFO [main] org.apache.catalina.startup.VersionLoggerListener.log Server version number: 8.5.57.0
17-Aug-2020 21:35:28.904 INFO [main] org.apache.catalina.startup.VersionLoggerListener.log OS Name:               Windows 10
17-Aug-2020 21:35:28.909 INFO [main] org.apache.catalina.startup.VersionLoggerListener.log OS Version:            10.0
17-Aug-2020 21:35:28.909 INFO [main] org.apache.catalina.startup.VersionLoggerListener.log Architecture:          amd64
17-Aug-2020 21:35:28.909 INFO [main] org.apache.catalina.startup.VersionLoggerListener.log Java Home:             C:\Program Files\Java\jdk1.8.0_231\jre
17-Aug-2020 21:35:28.909 INFO [main] org.apache.catalina.startup.VersionLoggerListener.log JVM Version:           1.8.0_231-b11
17-Aug-2020 21:35:28.909 INFO [main] org.apache.catalina.startup.VersionLoggerListener.log JVM Vendor:            Oracle Corporation
17-Aug-2020 21:35:28.909 INFO [main] org.apache.catalina.startup.VersionLoggerListener.log CATALINA_BASE:         C:\Users\navee\AutomationFramework\apache-tomcat-8.5.57-windows-x64\apache-tomcat-8.5.57
17-Aug-2020 21:35:28.909 INFO [main] org.apache.catalina.startup.VersionLoggerListener.log CATALINA_HOME:         C:\Users\navee\AutomationFramework\apache-tomcat-8.5.57-windows-x64\apache-tomcat-8.5.57
17-Aug-2020 21:35:28.911 INFO [main] org.apache.catalina.startup.VersionLoggerListener.log Command line argument: -Djava.util.logging.config.file=C:\Users\navee\AutomationFramework\apache-tomcat-8.5.57-windows-x64\apache-tomcat-8.5.57\conf\logging.properties
17-Aug-2020 21:35:28.911 INFO [main] org.apache.catalina.startup.VersionLoggerListener.log Command line argument: -Djava.util.logging.manager=org.apache.juli.ClassLoaderLogManager
17-Aug-2020 21:35:28.912 INFO [main] org.apache.catalina.startup.VersionLoggerListener.log Command line argument: -Djdk.tls.ephemeralDHKeySize=2048
17-Aug-2020 21:35:28.912 INFO [main] org.apache.catalina.startup.VersionLoggerListener.log Command line argument: -Djava.protocol.handler.pkgs=org.apache.catalina.webresources
17-Aug-2020 21:35:28.913 INFO [main] org.apache.catalina.startup.VersionLoggerListener.log Command line argument: -Dignore.endorsed.dirs=
17-Aug-2020 21:35:28.913 INFO [main] org.apache.catalina.startup.VersionLoggerListener.log Command line argument: -Dcatalina.base=C:\Users\navee\AutomationFramework\apache-tomcat-8.5.57-windows-x64\apache-tomcat-8.5.57
17-Aug-2020 21:35:28.914 INFO [main] org.apache.catalina.startup.VersionLoggerListener.log Command line argument: -Dcatalina.home=C:\Users\navee\AutomationFramework\apache-tomcat-8.5.57-windows-x64\apache-tomcat-8.5.57
17-Aug-2020 21:35:28.924 INFO [main] org.apache.catalina.startup.VersionLoggerListener.log Command line argument: -Djava.io.tmpdir=C:\Users\navee\AutomationFramework\apache-tomcat-8.5.57-windows-x64\apache-tomcat-8.5.57\temp
17-Aug-2020 21:35:28.925 INFO [main] org.apache.catalina.core.AprLifecycleListener.lifecycleEvent Loaded Apache Tomcat Native library [1.2.24] using APR version [1.7.0].
17-Aug-2020 21:35:28.926 INFO [main] org.apache.catalina.core.AprLifecycleListener.lifecycleEvent APR capabilities: IPv6 [true], sendfile [true], accept filters [false], random [true].
17-Aug-2020 21:35:28.927 INFO [main] org.apache.catalina.core.AprLifecycleListener.lifecycleEvent APR/OpenSSL configuration: useAprConnector [false], useOpenSSL [true]
17-Aug-2020 21:35:28.936 INFO [main] org.apache.catalina.core.AprLifecycleListener.initializeSSL OpenSSL successfully initialized [OpenSSL 1.1.1g  21 Apr 2020]
17-Aug-2020 21:35:29.206 INFO [main] org.apache.coyote.AbstractProtocol.init Initializing ProtocolHandler ["http-nio-8081"]
17-Aug-2020 21:35:29.628 INFO [main] org.apache.tomcat.util.net.NioSelectorPool.getSharedSelector Using a shared selector for servlet write/read
17-Aug-2020 21:35:29.659 INFO [main] org.apache.catalina.startup.Catalina.load Initialization processed in 1662 ms
17-Aug-2020 21:35:29.739 INFO [main] org.apache.catalina.core.StandardService.startInternal Starting service [Catalina]
17-Aug-2020 21:35:29.741 INFO [main] org.apache.catalina.core.StandardEngine.startInternal Starting Servlet Engine: Apache Tomcat/8.5.57
17-Aug-2020 21:35:29.808 INFO [localhost-startStop-1] org.apache.catalina.startup.HostConfig.deployWAR Deploying web application archive [C:\Users\navee\AutomationFramework\apache-tomcat-8.5.57-windows-x64\apache-tomcat-8.5.57\webapps\webapp.war]
17-Aug-2020 21:35:30.350 INFO [localhost-startStop-1] org.apache.catalina.startup.HostConfig.deployWAR Deployment of web application archive [C:\Users\navee\AutomationFramework\apache-tomcat-8.5.57-windows-x64\apache-tomcat-8.5.57\webapps\webapp.war] has finished in [541] ms
17-Aug-2020 21:35:30.352 INFO [localhost-startStop-1] org.apache.catalina.startup.HostConfig.deployDirectory Deploying web application directory [C:\Users\navee\AutomationFramework\apache-tomcat-8.5.57-windows-x64\apache-tomcat-8.5.57\webapps\docs]
17-Aug-2020 21:35:30.408 INFO [localhost-startStop-1] org.apache.catalina.startup.HostConfig.deployDirectory Deployment of web application directory [C:\Users\navee\AutomationFramework\apache-tomcat-8.5.57-windows-x64\apache-tomcat-8.5.57\webapps\docs] has finished in [56] ms
17-Aug-2020 21:35:30.410 INFO [localhost-startStop-1] org.apache.catalina.startup.HostConfig.deployDirectory Deploying web application directory [C:\Users\navee\AutomationFramework\apache-tomcat-8.5.57-windows-x64\apache-tomcat-8.5.57\webapps\examples]
17-Aug-2020 21:35:31.286 INFO [localhost-startStop-1] org.apache.catalina.startup.HostConfig.deployDirectory Deployment of web application directory [C:\Users\navee\AutomationFramework\apache-tomcat-8.5.57-windows-x64\apache-tomcat-8.5.57\webapps\examples] has finished in [877] ms
17-Aug-2020 21:35:31.286 INFO [localhost-startStop-1] org.apache.catalina.startup.HostConfig.deployDirectory Deploying web application directory [C:\Users\navee\AutomationFramework\apache-tomcat-8.5.57-windows-x64\apache-tomcat-8.5.57\webapps\host-manager]
17-Aug-2020 21:35:31.353 INFO [localhost-startStop-1] org.apache.catalina.startup.HostConfig.deployDirectory Deployment of web application directory [C:\Users\navee\AutomationFramework\apache-tomcat-8.5.57-windows-x64\apache-tomcat-8.5.57\webapps\host-manager] has finished in [67] ms
17-Aug-2020 21:35:31.353 INFO [localhost-startStop-1] org.apache.catalina.startup.HostConfig.deployDirectory Deploying web application directory [C:\Users\navee\AutomationFramework\apache-tomcat-8.5.57-windows-x64\apache-tomcat-8.5.57\webapps\manager]
17-Aug-2020 21:35:31.406 INFO [localhost-startStop-1] org.apache.catalina.startup.HostConfig.deployDirectory Deployment of web application directory [C:\Users\navee\AutomationFramework\apache-tomcat-8.5.57-windows-x64\apache-tomcat-8.5.57\webapps\manager] has finished in [53] ms
17-Aug-2020 21:35:31.410 INFO [localhost-startStop-1] org.apache.catalina.startup.HostConfig.deployDirectory Deploying web application directory [C:\Users\navee\AutomationFramework\apache-tomcat-8.5.57-windows-x64\apache-tomcat-8.5.57\webapps\ROOT]
17-Aug-2020 21:35:31.467 INFO [localhost-startStop-1] org.apache.catalina.startup.HostConfig.deployDirectory Deployment of web application directory [C:\Users\navee\AutomationFramework\apache-tomcat-8.5.57-windows-x64\apache-tomcat-8.5.57\webapps\ROOT] has finished in [57] ms
17-Aug-2020 21:35:31.473 INFO [main] org.apache.coyote.AbstractProtocol.start Starting ProtocolHandler ["http-nio-8081"]
17-Aug-2020 21:35:31.500 INFO [main] org.apache.catalina.startup.Catalina.start Server startup in 1840 ms
17-Aug-2020 21:35:31.508 SEVERE [main] org.apache.catalina.core.StandardServer.await StandardServer.await: create[localhost:8005]: 
	java.net.BindException: Address already in use: JVM_Bind
		at java.net.DualStackPlainSocketImpl.bind0(Native Method)
		at java.net.DualStackPlainSocketImpl.socketBind(DualStackPlainSocketImpl.java:106)
		at java.net.AbstractPlainSocketImpl.bind(AbstractPlainSocketImpl.java:387)
		at java.net.PlainSocketImpl.bind(PlainSocketImpl.java:190)
		at java.net.ServerSocket.bind(ServerSocket.java:375)
		at java.net.ServerSocket.<init>(ServerSocket.java:237)
		at org.apache.catalina.core.StandardServer.await(StandardServer.java:421)
		at org.apache.catalina.startup.Catalina.await(Catalina.java:776)
		at org.apache.catalina.startup.Catalina.start(Catalina.java:722)
		at sun.reflect.NativeMethodAccessorImpl.invoke0(Native Method)
		at sun.reflect.NativeMethodAccessorImpl.invoke(NativeMethodAccessorImpl.java:62)
		at sun.reflect.DelegatingMethodAccessorImpl.invoke(DelegatingMethodAccessorImpl.java:43)
		at java.lang.reflect.Method.invoke(Method.java:498)
		at org.apache.catalina.startup.Bootstrap.start(Bootstrap.java:342)
		at org.apache.catalina.startup.Bootstrap.main(Bootstrap.java:473)
17-Aug-2020 21:35:31.510 INFO [main] org.apache.coyote.AbstractProtocol.pause Pausing ProtocolHandler ["http-nio-8081"]
17-Aug-2020 21:35:31.749 INFO [main] org.apache.catalina.core.StandardService.stopInternal Stopping service [Catalina]
17-Aug-2020 21:35:31.790 INFO [main] org.apache.coyote.AbstractProtocol.stop Stopping ProtocolHandler ["http-nio-8081"]
17-Aug-2020 21:35:31.794 INFO [main] org.apache.coyote.AbstractProtocol.destroy Destroying ProtocolHandler ["http-nio-8081"]
17-Aug-2020 21:35:37.070 INFO [main] org.apache.catalina.startup.VersionLoggerListener.log Server version name:   Apache Tomcat/8.5.57
17-Aug-2020 21:35:37.074 INFO [main] org.apache.catalina.startup.VersionLoggerListener.log Server built:          Jun 30 2020 21:49:10 UTC
17-Aug-2020 21:35:37.075 INFO [main] org.apache.catalina.startup.VersionLoggerListener.log Server version number: 8.5.57.0
17-Aug-2020 21:35:37.075 INFO [main] org.apache.catalina.startup.VersionLoggerListener.log OS Name:               Windows 10
17-Aug-2020 21:35:37.075 INFO [main] org.apache.catalina.startup.VersionLoggerListener.log OS Version:            10.0
17-Aug-2020 21:35:37.075 INFO [main] org.apache.catalina.startup.VersionLoggerListener.log Architecture:          amd64
17-Aug-2020 21:35:37.075 INFO [main] org.apache.catalina.startup.VersionLoggerListener.log Java Home:             C:\Program Files\Java\jdk1.8.0_231\jre
17-Aug-2020 21:35:37.075 INFO [main] org.apache.catalina.startup.VersionLoggerListener.log JVM Version:           1.8.0_231-b11
17-Aug-2020 21:35:37.075 INFO [main] org.apache.catalina.startup.VersionLoggerListener.log JVM Vendor:            Oracle Corporation
17-Aug-2020 21:35:37.076 INFO [main] org.apache.catalina.startup.VersionLoggerListener.log CATALINA_BASE:         C:\Users\navee\AutomationFramework\apache-tomcat-8.5.57-windows-x64\apache-tomcat-8.5.57
17-Aug-2020 21:35:37.076 INFO [main] org.apache.catalina.startup.VersionLoggerListener.log CATALINA_HOME:         C:\Users\navee\AutomationFramework\apache-tomcat-8.5.57-windows-x64\apache-tomcat-8.5.57
17-Aug-2020 21:35:37.076 INFO [main] org.apache.catalina.startup.VersionLoggerListener.log Command line argument: -Djava.util.logging.config.file=C:\Users\navee\AutomationFramework\apache-tomcat-8.5.57-windows-x64\apache-tomcat-8.5.57\conf\logging.properties
17-Aug-2020 21:35:37.076 INFO [main] org.apache.catalina.startup.VersionLoggerListener.log Command line argument: -Djava.util.logging.manager=org.apache.juli.ClassLoaderLogManager
17-Aug-2020 21:35:37.077 INFO [main] org.apache.catalina.startup.VersionLoggerListener.log Command line argument: -Djdk.tls.ephemeralDHKeySize=2048
17-Aug-2020 21:35:37.077 INFO [main] org.apache.catalina.startup.VersionLoggerListener.log Command line argument: -Djava.protocol.handler.pkgs=org.apache.catalina.webresources
17-Aug-2020 21:35:37.077 INFO [main] org.apache.catalina.startup.VersionLoggerListener.log Command line argument: -Dignore.endorsed.dirs=
17-Aug-2020 21:35:37.078 INFO [main] org.apache.catalina.startup.VersionLoggerListener.log Command line argument: -Dcatalina.base=C:\Users\navee\AutomationFramework\apache-tomcat-8.5.57-windows-x64\apache-tomcat-8.5.57
17-Aug-2020 21:35:37.078 INFO [main] org.apache.catalina.startup.VersionLoggerListener.log Command line argument: -Dcatalina.home=C:\Users\navee\AutomationFramework\apache-tomcat-8.5.57-windows-x64\apache-tomcat-8.5.57
17-Aug-2020 21:35:37.079 INFO [main] org.apache.catalina.startup.VersionLoggerListener.log Command line argument: -Djava.io.tmpdir=C:\Users\navee\AutomationFramework\apache-tomcat-8.5.57-windows-x64\apache-tomcat-8.5.57\temp
17-Aug-2020 21:35:37.080 INFO [main] org.apache.catalina.core.AprLifecycleListener.lifecycleEvent Loaded Apache Tomcat Native library [1.2.24] using APR version [1.7.0].
17-Aug-2020 21:35:37.080 INFO [main] org.apache.catalina.core.AprLifecycleListener.lifecycleEvent APR capabilities: IPv6 [true], sendfile [true], accept filters [false], random [true].
17-Aug-2020 21:35:37.081 INFO [main] org.apache.catalina.core.AprLifecycleListener.lifecycleEvent APR/OpenSSL configuration: useAprConnector [false], useOpenSSL [true]
17-Aug-2020 21:35:37.088 INFO [main] org.apache.catalina.core.AprLifecycleListener.initializeSSL OpenSSL successfully initialized [OpenSSL 1.1.1g  21 Apr 2020]
17-Aug-2020 21:35:37.275 INFO [main] org.apache.coyote.AbstractProtocol.init Initializing ProtocolHandler ["http-nio-8081"]
17-Aug-2020 21:35:37.709 INFO [main] org.apache.tomcat.util.net.NioSelectorPool.getSharedSelector Using a shared selector for servlet write/read
17-Aug-2020 21:35:37.735 INFO [main] org.apache.catalina.startup.Catalina.load Initialization processed in 1345 ms
17-Aug-2020 21:35:37.782 INFO [main] org.apache.catalina.core.StandardService.startInternal Starting service [Catalina]
17-Aug-2020 21:35:37.782 INFO [main] org.apache.catalina.core.StandardEngine.startInternal Starting Servlet Engine: Apache Tomcat/8.5.57
17-Aug-2020 21:35:37.832 INFO [localhost-startStop-1] org.apache.catalina.startup.HostConfig.deployWAR Deploying web application archive [C:\Users\navee\AutomationFramework\apache-tomcat-8.5.57-windows-x64\apache-tomcat-8.5.57\webapps\webapp.war]
17-Aug-2020 21:35:38.270 INFO [localhost-startStop-1] org.apache.catalina.startup.HostConfig.deployWAR Deployment of web application archive [C:\Users\navee\AutomationFramework\apache-tomcat-8.5.57-windows-x64\apache-tomcat-8.5.57\webapps\webapp.war] has finished in [439] ms
17-Aug-2020 21:35:38.273 INFO [localhost-startStop-1] org.apache.catalina.startup.HostConfig.deployDirectory Deploying web application directory [C:\Users\navee\AutomationFramework\apache-tomcat-8.5.57-windows-x64\apache-tomcat-8.5.57\webapps\docs]
17-Aug-2020 21:35:38.320 INFO [localhost-startStop-1] org.apache.catalina.startup.HostConfig.deployDirectory Deployment of web application directory [C:\Users\navee\AutomationFramework\apache-tomcat-8.5.57-windows-x64\apache-tomcat-8.5.57\webapps\docs] has finished in [47] ms
17-Aug-2020 21:35:38.321 INFO [localhost-startStop-1] org.apache.catalina.startup.HostConfig.deployDirectory Deploying web application directory [C:\Users\navee\AutomationFramework\apache-tomcat-8.5.57-windows-x64\apache-tomcat-8.5.57\webapps\examples]
17-Aug-2020 21:35:38.861 INFO [localhost-startStop-1] org.apache.catalina.startup.HostConfig.deployDirectory Deployment of web application directory [C:\Users\navee\AutomationFramework\apache-tomcat-8.5.57-windows-x64\apache-tomcat-8.5.57\webapps\examples] has finished in [540] ms
17-Aug-2020 21:35:38.864 INFO [localhost-startStop-1] org.apache.catalina.startup.HostConfig.deployDirectory Deploying web application directory [C:\Users\navee\AutomationFramework\apache-tomcat-8.5.57-windows-x64\apache-tomcat-8.5.57\webapps\host-manager]
17-Aug-2020 21:35:38.924 INFO [localhost-startStop-1] org.apache.catalina.startup.HostConfig.deployDirectory Deployment of web application directory [C:\Users\navee\AutomationFramework\apache-tomcat-8.5.57-windows-x64\apache-tomcat-8.5.57\webapps\host-manager] has finished in [60] ms
17-Aug-2020 21:35:38.925 INFO [localhost-startStop-1] org.apache.catalina.startup.HostConfig.deployDirectory Deploying web application directory [C:\Users\navee\AutomationFramework\apache-tomcat-8.5.57-windows-x64\apache-tomcat-8.5.57\webapps\manager]
17-Aug-2020 21:35:38.996 INFO [localhost-startStop-1] org.apache.catalina.startup.HostConfig.deployDirectory Deployment of web application directory [C:\Users\navee\AutomationFramework\apache-tomcat-8.5.57-windows-x64\apache-tomcat-8.5.57\webapps\manager] has finished in [71] ms
17-Aug-2020 21:35:38.998 INFO [localhost-startStop-1] org.apache.catalina.startup.HostConfig.deployDirectory Deploying web application directory [C:\Users\navee\AutomationFramework\apache-tomcat-8.5.57-windows-x64\apache-tomcat-8.5.57\webapps\ROOT]
17-Aug-2020 21:35:39.063 INFO [localhost-startStop-1] org.apache.catalina.startup.HostConfig.deployDirectory Deployment of web application directory [C:\Users\navee\AutomationFramework\apache-tomcat-8.5.57-windows-x64\apache-tomcat-8.5.57\webapps\ROOT] has finished in [65] ms
17-Aug-2020 21:35:39.071 INFO [main] org.apache.coyote.AbstractProtocol.start Starting ProtocolHandler ["http-nio-8081"]
17-Aug-2020 21:35:39.108 INFO [main] org.apache.catalina.startup.Catalina.start Server startup in 1371 ms
17-Aug-2020 21:35:39.120 SEVERE [main] org.apache.catalina.core.StandardServer.await StandardServer.await: create[localhost:8005]: 
	java.net.BindException: Address already in use: JVM_Bind
		at java.net.DualStackPlainSocketImpl.bind0(Native Method)
		at java.net.DualStackPlainSocketImpl.socketBind(DualStackPlainSocketImpl.java:106)
		at java.net.AbstractPlainSocketImpl.bind(AbstractPlainSocketImpl.java:387)
		at java.net.PlainSocketImpl.bind(PlainSocketImpl.java:190)
		at java.net.ServerSocket.bind(ServerSocket.java:375)
		at java.net.ServerSocket.<init>(ServerSocket.java:237)
		at org.apache.catalina.core.StandardServer.await(StandardServer.java:421)
		at org.apache.catalina.startup.Catalina.await(Catalina.java:776)
		at org.apache.catalina.startup.Catalina.start(Catalina.java:722)
		at sun.reflect.NativeMethodAccessorImpl.invoke0(Native Method)
		at sun.reflect.NativeMethodAccessorImpl.invoke(NativeMethodAccessorImpl.java:62)
		at sun.reflect.DelegatingMethodAccessorImpl.invoke(DelegatingMethodAccessorImpl.java:43)
		at java.lang.reflect.Method.invoke(Method.java:498)
		at org.apache.catalina.startup.Bootstrap.start(Bootstrap.java:342)
		at org.apache.catalina.startup.Bootstrap.main(Bootstrap.java:473)
17-Aug-2020 21:35:39.123 INFO [main] org.apache.coyote.AbstractProtocol.pause Pausing ProtocolHandler ["http-nio-8081"]
17-Aug-2020 21:35:39.314 INFO [main] org.apache.catalina.core.StandardService.stopInternal Stopping service [Catalina]
17-Aug-2020 21:35:39.343 INFO [main] org.apache.coyote.AbstractProtocol.stop Stopping ProtocolHandler ["http-nio-8081"]
17-Aug-2020 21:35:39.346 INFO [main] org.apache.coyote.AbstractProtocol.destroy Destroying ProtocolHandler ["http-nio-8081"]
17-Aug-2020 21:40:29.695 INFO [main] org.apache.catalina.startup.VersionLoggerListener.log Server version name:   Apache Tomcat/8.5.57
17-Aug-2020 21:40:29.698 INFO [main] org.apache.catalina.startup.VersionLoggerListener.log Server built:          Jun 30 2020 21:49:10 UTC
17-Aug-2020 21:40:29.700 INFO [main] org.apache.catalina.startup.VersionLoggerListener.log Server version number: 8.5.57.0
17-Aug-2020 21:40:29.701 INFO [main] org.apache.catalina.startup.VersionLoggerListener.log OS Name:               Windows 10
17-Aug-2020 21:40:29.701 INFO [main] org.apache.catalina.startup.VersionLoggerListener.log OS Version:            10.0
17-Aug-2020 21:40:29.701 INFO [main] org.apache.catalina.startup.VersionLoggerListener.log Architecture:          amd64
17-Aug-2020 21:40:29.701 INFO [main] org.apache.catalina.startup.VersionLoggerListener.log Java Home:             C:\Program Files\Java\jdk1.8.0_231\jre
17-Aug-2020 21:40:29.702 INFO [main] org.apache.catalina.startup.VersionLoggerListener.log JVM Version:           1.8.0_231-b11
17-Aug-2020 21:40:29.702 INFO [main] org.apache.catalina.startup.VersionLoggerListener.log JVM Vendor:            Oracle Corporation
17-Aug-2020 21:40:29.702 INFO [main] org.apache.catalina.startup.VersionLoggerListener.log CATALINA_BASE:         C:\Users\navee\AutomationFramework\apache-tomcat-8.5.57-windows-x64\apache-tomcat-8.5.57
17-Aug-2020 21:40:29.703 INFO [main] org.apache.catalina.startup.VersionLoggerListener.log CATALINA_HOME:         C:\Users\navee\AutomationFramework\apache-tomcat-8.5.57-windows-x64\apache-tomcat-8.5.57
17-Aug-2020 21:40:29.703 INFO [main] org.apache.catalina.startup.VersionLoggerListener.log Command line argument: -Djava.util.logging.config.file=C:\Users\navee\AutomationFramework\apache-tomcat-8.5.57-windows-x64\apache-tomcat-8.5.57\conf\logging.properties
17-Aug-2020 21:40:29.703 INFO [main] org.apache.catalina.startup.VersionLoggerListener.log Command line argument: -Djava.util.logging.manager=org.apache.juli.ClassLoaderLogManager
17-Aug-2020 21:40:29.703 INFO [main] org.apache.catalina.startup.VersionLoggerListener.log Command line argument: -Djdk.tls.ephemeralDHKeySize=2048
17-Aug-2020 21:40:29.704 INFO [main] org.apache.catalina.startup.VersionLoggerListener.log Command line argument: -Djava.protocol.handler.pkgs=org.apache.catalina.webresources
17-Aug-2020 21:40:29.704 INFO [main] org.apache.catalina.startup.VersionLoggerListener.log Command line argument: -Dignore.endorsed.dirs=
17-Aug-2020 21:40:29.704 INFO [main] org.apache.catalina.startup.VersionLoggerListener.log Command line argument: -Dcatalina.base=C:\Users\navee\AutomationFramework\apache-tomcat-8.5.57-windows-x64\apache-tomcat-8.5.57
17-Aug-2020 21:40:29.705 INFO [main] org.apache.catalina.startup.VersionLoggerListener.log Command line argument: -Dcatalina.home=C:\Users\navee\AutomationFramework\apache-tomcat-8.5.57-windows-x64\apache-tomcat-8.5.57
17-Aug-2020 21:40:29.705 INFO [main] org.apache.catalina.startup.VersionLoggerListener.log Command line argument: -Djava.io.tmpdir=C:\Users\navee\AutomationFramework\apache-tomcat-8.5.57-windows-x64\apache-tomcat-8.5.57\temp
17-Aug-2020 21:40:29.706 INFO [main] org.apache.catalina.core.AprLifecycleListener.lifecycleEvent Loaded Apache Tomcat Native library [1.2.24] using APR version [1.7.0].
17-Aug-2020 21:40:29.706 INFO [main] org.apache.catalina.core.AprLifecycleListener.lifecycleEvent APR capabilities: IPv6 [true], sendfile [true], accept filters [false], random [true].
17-Aug-2020 21:40:29.707 INFO [main] org.apache.catalina.core.AprLifecycleListener.lifecycleEvent APR/OpenSSL configuration: useAprConnector [false], useOpenSSL [true]
17-Aug-2020 21:40:29.723 INFO [main] org.apache.catalina.core.AprLifecycleListener.initializeSSL OpenSSL successfully initialized [OpenSSL 1.1.1g  21 Apr 2020]
17-Aug-2020 21:40:29.913 INFO [main] org.apache.coyote.AbstractProtocol.init Initializing ProtocolHandler ["http-nio-8080"]
17-Aug-2020 21:40:29.931 SEVERE [main] org.apache.catalina.core.StandardService.initInternal Failed to initialize connector [Connector[HTTP/1.1-8080]]
	org.apache.catalina.LifecycleException: Protocol handler initialization failed
		at org.apache.catalina.connector.Connector.initInternal(Connector.java:1077)
		at org.apache.catalina.util.LifecycleBase.init(LifecycleBase.java:136)
		at org.apache.catalina.core.StandardService.initInternal(StandardService.java:552)
		at org.apache.catalina.util.LifecycleBase.init(LifecycleBase.java:136)
		at org.apache.catalina.core.StandardServer.initInternal(StandardServer.java:848)
		at org.apache.catalina.util.LifecycleBase.init(LifecycleBase.java:136)
		at org.apache.catalina.startup.Catalina.load(Catalina.java:639)
		at org.apache.catalina.startup.Catalina.load(Catalina.java:662)
		at sun.reflect.NativeMethodAccessorImpl.invoke0(Native Method)
		at sun.reflect.NativeMethodAccessorImpl.invoke(NativeMethodAccessorImpl.java:62)
		at sun.reflect.DelegatingMethodAccessorImpl.invoke(DelegatingMethodAccessorImpl.java:43)
		at java.lang.reflect.Method.invoke(Method.java:498)
		at org.apache.catalina.startup.Bootstrap.load(Bootstrap.java:302)
		at org.apache.catalina.startup.Bootstrap.main(Bootstrap.java:472)
	Caused by: java.net.BindException: Address already in use: bind
		at sun.nio.ch.Net.bind0(Native Method)
		at sun.nio.ch.Net.bind(Net.java:433)
		at sun.nio.ch.Net.bind(Net.java:425)
		at sun.nio.ch.ServerSocketChannelImpl.bind(ServerSocketChannelImpl.java:223)
		at sun.nio.ch.ServerSocketAdaptor.bind(ServerSocketAdaptor.java:74)
		at org.apache.tomcat.util.net.NioEndpoint.bind(NioEndpoint.java:221)
		at org.apache.tomcat.util.net.AbstractEndpoint.init(AbstractEndpoint.java:1118)
		at org.apache.tomcat.util.net.AbstractJsseEndpoint.init(AbstractJsseEndpoint.java:222)
		at org.apache.coyote.AbstractProtocol.init(AbstractProtocol.java:587)
		at org.apache.coyote.http11.AbstractHttp11Protocol.init(AbstractHttp11Protocol.java:74)
		at org.apache.catalina.connector.Connector.initInternal(Connector.java:1075)
		... 13 more
17-Aug-2020 21:40:29.935 INFO [main] org.apache.catalina.startup.Catalina.load Initialization processed in 816 ms
17-Aug-2020 21:40:29.989 INFO [main] org.apache.catalina.core.StandardService.startInternal Starting service [Catalina]
17-Aug-2020 21:40:29.989 INFO [main] org.apache.catalina.core.StandardEngine.startInternal Starting Servlet Engine: Apache Tomcat/8.5.57
17-Aug-2020 21:40:30.031 INFO [localhost-startStop-1] org.apache.catalina.startup.HostConfig.deployWAR Deploying web application archive [C:\Users\navee\AutomationFramework\apache-tomcat-8.5.57-windows-x64\apache-tomcat-8.5.57\webapps\webapp.war]
17-Aug-2020 21:40:30.683 WARNING [localhost-startStop-1] org.apache.catalina.util.SessionIdGeneratorBase.createSecureRandom Creation of SecureRandom instance for session ID generation using [SHA1PRNG] took [192] milliseconds.
17-Aug-2020 21:40:30.715 INFO [localhost-startStop-1] org.apache.catalina.startup.HostConfig.deployWAR Deployment of web application archive [C:\Users\navee\AutomationFramework\apache-tomcat-8.5.57-windows-x64\apache-tomcat-8.5.57\webapps\webapp.war] has finished in [684] ms
17-Aug-2020 21:40:30.718 INFO [localhost-startStop-1] org.apache.catalina.startup.HostConfig.deployDirectory Deploying web application directory [C:\Users\navee\AutomationFramework\apache-tomcat-8.5.57-windows-x64\apache-tomcat-8.5.57\webapps\docs]
17-Aug-2020 21:40:30.770 INFO [localhost-startStop-1] org.apache.catalina.startup.HostConfig.deployDirectory Deployment of web application directory [C:\Users\navee\AutomationFramework\apache-tomcat-8.5.57-windows-x64\apache-tomcat-8.5.57\webapps\docs] has finished in [52] ms
17-Aug-2020 21:40:30.770 INFO [localhost-startStop-1] org.apache.catalina.startup.HostConfig.deployDirectory Deploying web application directory [C:\Users\navee\AutomationFramework\apache-tomcat-8.5.57-windows-x64\apache-tomcat-8.5.57\webapps\examples]
17-Aug-2020 21:40:31.475 INFO [localhost-startStop-1] org.apache.catalina.startup.HostConfig.deployDirectory Deployment of web application directory [C:\Users\navee\AutomationFramework\apache-tomcat-8.5.57-windows-x64\apache-tomcat-8.5.57\webapps\examples] has finished in [705] ms
17-Aug-2020 21:40:31.476 INFO [localhost-startStop-1] org.apache.catalina.startup.HostConfig.deployDirectory Deploying web application directory [C:\Users\navee\AutomationFramework\apache-tomcat-8.5.57-windows-x64\apache-tomcat-8.5.57\webapps\host-manager]
17-Aug-2020 21:40:31.522 INFO [localhost-startStop-1] org.apache.catalina.startup.HostConfig.deployDirectory Deployment of web application directory [C:\Users\navee\AutomationFramework\apache-tomcat-8.5.57-windows-x64\apache-tomcat-8.5.57\webapps\host-manager] has finished in [46] ms
17-Aug-2020 21:40:31.523 INFO [localhost-startStop-1] org.apache.catalina.startup.HostConfig.deployDirectory Deploying web application directory [C:\Users\navee\AutomationFramework\apache-tomcat-8.5.57-windows-x64\apache-tomcat-8.5.57\webapps\manager]
17-Aug-2020 21:40:31.573 INFO [localhost-startStop-1] org.apache.catalina.startup.HostConfig.deployDirectory Deployment of web application directory [C:\Users\navee\AutomationFramework\apache-tomcat-8.5.57-windows-x64\apache-tomcat-8.5.57\webapps\manager] has finished in [51] ms
17-Aug-2020 21:40:31.574 INFO [localhost-startStop-1] org.apache.catalina.startup.HostConfig.deployDirectory Deploying web application directory [C:\Users\navee\AutomationFramework\apache-tomcat-8.5.57-windows-x64\apache-tomcat-8.5.57\webapps\ROOT]
17-Aug-2020 21:40:31.612 INFO [localhost-startStop-1] org.apache.catalina.startup.HostConfig.deployDirectory Deployment of web application directory [C:\Users\navee\AutomationFramework\apache-tomcat-8.5.57-windows-x64\apache-tomcat-8.5.57\webapps\ROOT] has finished in [38] ms
17-Aug-2020 21:40:31.617 INFO [main] org.apache.catalina.startup.Catalina.start Server startup in 1682 ms
17-Aug-2020 21:40:31.627 SEVERE [main] org.apache.catalina.core.StandardServer.await StandardServer.await: create[localhost:8005]: 
	java.net.BindException: Address already in use: JVM_Bind
		at java.net.DualStackPlainSocketImpl.bind0(Native Method)
		at java.net.DualStackPlainSocketImpl.socketBind(DualStackPlainSocketImpl.java:106)
		at java.net.AbstractPlainSocketImpl.bind(AbstractPlainSocketImpl.java:387)
		at java.net.PlainSocketImpl.bind(PlainSocketImpl.java:190)
		at java.net.ServerSocket.bind(ServerSocket.java:375)
		at java.net.ServerSocket.<init>(ServerSocket.java:237)
		at org.apache.catalina.core.StandardServer.await(StandardServer.java:421)
		at org.apache.catalina.startup.Catalina.await(Catalina.java:776)
		at org.apache.catalina.startup.Catalina.start(Catalina.java:722)
		at sun.reflect.NativeMethodAccessorImpl.invoke0(Native Method)
		at sun.reflect.NativeMethodAccessorImpl.invoke(NativeMethodAccessorImpl.java:62)
		at sun.reflect.DelegatingMethodAccessorImpl.invoke(DelegatingMethodAccessorImpl.java:43)
		at java.lang.reflect.Method.invoke(Method.java:498)
		at org.apache.catalina.startup.Bootstrap.start(Bootstrap.java:342)
		at org.apache.catalina.startup.Bootstrap.main(Bootstrap.java:473)
17-Aug-2020 21:40:31.628 INFO [main] org.apache.coyote.AbstractProtocol.pause Pausing ProtocolHandler ["http-nio-8080"]
17-Aug-2020 21:40:31.629 INFO [main] org.apache.catalina.core.StandardService.stopInternal Stopping service [Catalina]
17-Aug-2020 21:40:31.670 INFO [main] org.apache.coyote.AbstractProtocol.stop Stopping ProtocolHandler ["http-nio-8080"]
17-Aug-2020 21:40:31.676 INFO [main] org.apache.coyote.AbstractProtocol.destroy Destroying ProtocolHandler ["http-nio-8080"]
17-Aug-2020 21:40:35.793 INFO [main] org.apache.catalina.startup.VersionLoggerListener.log Server version name:   Apache Tomcat/8.5.57
17-Aug-2020 21:40:35.797 INFO [main] org.apache.catalina.startup.VersionLoggerListener.log Server built:          Jun 30 2020 21:49:10 UTC
17-Aug-2020 21:40:35.797 INFO [main] org.apache.catalina.startup.VersionLoggerListener.log Server version number: 8.5.57.0
17-Aug-2020 21:40:35.798 INFO [main] org.apache.catalina.startup.VersionLoggerListener.log OS Name:               Windows 10
17-Aug-2020 21:40:35.798 INFO [main] org.apache.catalina.startup.VersionLoggerListener.log OS Version:            10.0
17-Aug-2020 21:40:35.799 INFO [main] org.apache.catalina.startup.VersionLoggerListener.log Architecture:          amd64
17-Aug-2020 21:40:35.799 INFO [main] org.apache.catalina.startup.VersionLoggerListener.log Java Home:             C:\Program Files\Java\jdk1.8.0_231\jre
17-Aug-2020 21:40:35.800 INFO [main] org.apache.catalina.startup.VersionLoggerListener.log JVM Version:           1.8.0_231-b11
17-Aug-2020 21:40:35.800 INFO [main] org.apache.catalina.startup.VersionLoggerListener.log JVM Vendor:            Oracle Corporation
17-Aug-2020 21:40:35.800 INFO [main] org.apache.catalina.startup.VersionLoggerListener.log CATALINA_BASE:         C:\Users\navee\AutomationFramework\apache-tomcat-8.5.57-windows-x64\apache-tomcat-8.5.57
17-Aug-2020 21:40:35.801 INFO [main] org.apache.catalina.startup.VersionLoggerListener.log CATALINA_HOME:         C:\Users\navee\AutomationFramework\apache-tomcat-8.5.57-windows-x64\apache-tomcat-8.5.57
17-Aug-2020 21:40:35.801 INFO [main] org.apache.catalina.startup.VersionLoggerListener.log Command line argument: -Djava.util.logging.config.file=C:\Users\navee\AutomationFramework\apache-tomcat-8.5.57-windows-x64\apache-tomcat-8.5.57\conf\logging.properties
17-Aug-2020 21:40:35.802 INFO [main] org.apache.catalina.startup.VersionLoggerListener.log Command line argument: -Djava.util.logging.manager=org.apache.juli.ClassLoaderLogManager
17-Aug-2020 21:40:35.802 INFO [main] org.apache.catalina.startup.VersionLoggerListener.log Command line argument: -Djdk.tls.ephemeralDHKeySize=2048
17-Aug-2020 21:40:35.802 INFO [main] org.apache.catalina.startup.VersionLoggerListener.log Command line argument: -Djava.protocol.handler.pkgs=org.apache.catalina.webresources
17-Aug-2020 21:40:35.803 INFO [main] org.apache.catalina.startup.VersionLoggerListener.log Command line argument: -Dignore.endorsed.dirs=
17-Aug-2020 21:40:35.803 INFO [main] org.apache.catalina.startup.VersionLoggerListener.log Command line argument: -Dcatalina.base=C:\Users\navee\AutomationFramework\apache-tomcat-8.5.57-windows-x64\apache-tomcat-8.5.57
17-Aug-2020 21:40:35.804 INFO [main] org.apache.catalina.startup.VersionLoggerListener.log Command line argument: -Dcatalina.home=C:\Users\navee\AutomationFramework\apache-tomcat-8.5.57-windows-x64\apache-tomcat-8.5.57
17-Aug-2020 21:40:35.804 INFO [main] org.apache.catalina.startup.VersionLoggerListener.log Command line argument: -Djava.io.tmpdir=C:\Users\navee\AutomationFramework\apache-tomcat-8.5.57-windows-x64\apache-tomcat-8.5.57\temp
17-Aug-2020 21:40:35.805 INFO [main] org.apache.catalina.core.AprLifecycleListener.lifecycleEvent Loaded Apache Tomcat Native library [1.2.24] using APR version [1.7.0].
17-Aug-2020 21:40:35.806 INFO [main] org.apache.catalina.core.AprLifecycleListener.lifecycleEvent APR capabilities: IPv6 [true], sendfile [true], accept filters [false], random [true].
17-Aug-2020 21:40:35.807 INFO [main] org.apache.catalina.core.AprLifecycleListener.lifecycleEvent APR/OpenSSL configuration: useAprConnector [false], useOpenSSL [true]
17-Aug-2020 21:40:35.815 INFO [main] org.apache.catalina.core.AprLifecycleListener.initializeSSL OpenSSL successfully initialized [OpenSSL 1.1.1g  21 Apr 2020]
17-Aug-2020 21:40:36.037 INFO [main] org.apache.coyote.AbstractProtocol.init Initializing ProtocolHandler ["http-nio-8080"]
17-Aug-2020 21:40:36.055 SEVERE [main] org.apache.catalina.core.StandardService.initInternal Failed to initialize connector [Connector[HTTP/1.1-8080]]
	org.apache.catalina.LifecycleException: Protocol handler initialization failed
		at org.apache.catalina.connector.Connector.initInternal(Connector.java:1077)
		at org.apache.catalina.util.LifecycleBase.init(LifecycleBase.java:136)
		at org.apache.catalina.core.StandardService.initInternal(StandardService.java:552)
		at org.apache.catalina.util.LifecycleBase.init(LifecycleBase.java:136)
		at org.apache.catalina.core.StandardServer.initInternal(StandardServer.java:848)
		at org.apache.catalina.util.LifecycleBase.init(LifecycleBase.java:136)
		at org.apache.catalina.startup.Catalina.load(Catalina.java:639)
		at org.apache.catalina.startup.Catalina.load(Catalina.java:662)
		at sun.reflect.NativeMethodAccessorImpl.invoke0(Native Method)
		at sun.reflect.NativeMethodAccessorImpl.invoke(NativeMethodAccessorImpl.java:62)
		at sun.reflect.DelegatingMethodAccessorImpl.invoke(DelegatingMethodAccessorImpl.java:43)
		at java.lang.reflect.Method.invoke(Method.java:498)
		at org.apache.catalina.startup.Bootstrap.load(Bootstrap.java:302)
		at org.apache.catalina.startup.Bootstrap.main(Bootstrap.java:472)
	Caused by: java.net.BindException: Address already in use: bind
		at sun.nio.ch.Net.bind0(Native Method)
		at sun.nio.ch.Net.bind(Net.java:433)
		at sun.nio.ch.Net.bind(Net.java:425)
		at sun.nio.ch.ServerSocketChannelImpl.bind(ServerSocketChannelImpl.java:223)
		at sun.nio.ch.ServerSocketAdaptor.bind(ServerSocketAdaptor.java:74)
		at org.apache.tomcat.util.net.NioEndpoint.bind(NioEndpoint.java:221)
		at org.apache.tomcat.util.net.AbstractEndpoint.init(AbstractEndpoint.java:1118)
		at org.apache.tomcat.util.net.AbstractJsseEndpoint.init(AbstractJsseEndpoint.java:222)
		at org.apache.coyote.AbstractProtocol.init(AbstractProtocol.java:587)
		at org.apache.coyote.http11.AbstractHttp11Protocol.init(AbstractHttp11Protocol.java:74)
		at org.apache.catalina.connector.Connector.initInternal(Connector.java:1075)
		... 13 more
17-Aug-2020 21:40:36.059 INFO [main] org.apache.catalina.startup.Catalina.load Initialization processed in 935 ms
17-Aug-2020 21:40:36.128 INFO [main] org.apache.catalina.core.StandardService.startInternal Starting service [Catalina]
17-Aug-2020 21:40:36.129 INFO [main] org.apache.catalina.core.StandardEngine.startInternal Starting Servlet Engine: Apache Tomcat/8.5.57
17-Aug-2020 21:40:36.163 INFO [localhost-startStop-1] org.apache.catalina.startup.HostConfig.deployWAR Deploying web application archive [C:\Users\navee\AutomationFramework\apache-tomcat-8.5.57-windows-x64\apache-tomcat-8.5.57\webapps\webapp.war]
17-Aug-2020 21:40:36.727 WARNING [localhost-startStop-1] org.apache.catalina.util.SessionIdGeneratorBase.createSecureRandom Creation of SecureRandom instance for session ID generation using [SHA1PRNG] took [202] milliseconds.
17-Aug-2020 21:40:36.764 INFO [localhost-startStop-1] org.apache.catalina.startup.HostConfig.deployWAR Deployment of web application archive [C:\Users\navee\AutomationFramework\apache-tomcat-8.5.57-windows-x64\apache-tomcat-8.5.57\webapps\webapp.war] has finished in [601] ms
17-Aug-2020 21:40:36.767 INFO [localhost-startStop-1] org.apache.catalina.startup.HostConfig.deployDirectory Deploying web application directory [C:\Users\navee\AutomationFramework\apache-tomcat-8.5.57-windows-x64\apache-tomcat-8.5.57\webapps\docs]
17-Aug-2020 21:40:36.823 INFO [localhost-startStop-1] org.apache.catalina.startup.HostConfig.deployDirectory Deployment of web application directory [C:\Users\navee\AutomationFramework\apache-tomcat-8.5.57-windows-x64\apache-tomcat-8.5.57\webapps\docs] has finished in [56] ms
17-Aug-2020 21:40:36.824 INFO [localhost-startStop-1] org.apache.catalina.startup.HostConfig.deployDirectory Deploying web application directory [C:\Users\navee\AutomationFramework\apache-tomcat-8.5.57-windows-x64\apache-tomcat-8.5.57\webapps\examples]
17-Aug-2020 21:40:37.403 INFO [localhost-startStop-1] org.apache.catalina.startup.HostConfig.deployDirectory Deployment of web application directory [C:\Users\navee\AutomationFramework\apache-tomcat-8.5.57-windows-x64\apache-tomcat-8.5.57\webapps\examples] has finished in [580] ms
17-Aug-2020 21:40:37.404 INFO [localhost-startStop-1] org.apache.catalina.startup.HostConfig.deployDirectory Deploying web application directory [C:\Users\navee\AutomationFramework\apache-tomcat-8.5.57-windows-x64\apache-tomcat-8.5.57\webapps\host-manager]
17-Aug-2020 21:40:37.449 INFO [localhost-startStop-1] org.apache.catalina.startup.HostConfig.deployDirectory Deployment of web application directory [C:\Users\navee\AutomationFramework\apache-tomcat-8.5.57-windows-x64\apache-tomcat-8.5.57\webapps\host-manager] has finished in [45] ms
17-Aug-2020 21:40:37.449 INFO [localhost-startStop-1] org.apache.catalina.startup.HostConfig.deployDirectory Deploying web application directory [C:\Users\navee\AutomationFramework\apache-tomcat-8.5.57-windows-x64\apache-tomcat-8.5.57\webapps\manager]
17-Aug-2020 21:40:37.493 INFO [localhost-startStop-1] org.apache.catalina.startup.HostConfig.deployDirectory Deployment of web application directory [C:\Users\navee\AutomationFramework\apache-tomcat-8.5.57-windows-x64\apache-tomcat-8.5.57\webapps\manager] has finished in [44] ms
17-Aug-2020 21:40:37.495 INFO [localhost-startStop-1] org.apache.catalina.startup.HostConfig.deployDirectory Deploying web application directory [C:\Users\navee\AutomationFramework\apache-tomcat-8.5.57-windows-x64\apache-tomcat-8.5.57\webapps\ROOT]
17-Aug-2020 21:40:37.532 INFO [localhost-startStop-1] org.apache.catalina.startup.HostConfig.deployDirectory Deployment of web application directory [C:\Users\navee\AutomationFramework\apache-tomcat-8.5.57-windows-x64\apache-tomcat-8.5.57\webapps\ROOT] has finished in [37] ms
17-Aug-2020 21:40:37.537 INFO [main] org.apache.catalina.startup.Catalina.start Server startup in 1476 ms
17-Aug-2020 21:40:37.544 SEVERE [main] org.apache.catalina.core.StandardServer.await StandardServer.await: create[localhost:8005]: 
	java.net.BindException: Address already in use: JVM_Bind
		at java.net.DualStackPlainSocketImpl.bind0(Native Method)
		at java.net.DualStackPlainSocketImpl.socketBind(DualStackPlainSocketImpl.java:106)
		at java.net.AbstractPlainSocketImpl.bind(AbstractPlainSocketImpl.java:387)
		at java.net.PlainSocketImpl.bind(PlainSocketImpl.java:190)
		at java.net.ServerSocket.bind(ServerSocket.java:375)
		at java.net.ServerSocket.<init>(ServerSocket.java:237)
		at org.apache.catalina.core.StandardServer.await(StandardServer.java:421)
		at org.apache.catalina.startup.Catalina.await(Catalina.java:776)
		at org.apache.catalina.startup.Catalina.start(Catalina.java:722)
		at sun.reflect.NativeMethodAccessorImpl.invoke0(Native Method)
		at sun.reflect.NativeMethodAccessorImpl.invoke(NativeMethodAccessorImpl.java:62)
		at sun.reflect.DelegatingMethodAccessorImpl.invoke(DelegatingMethodAccessorImpl.java:43)
		at java.lang.reflect.Method.invoke(Method.java:498)
		at org.apache.catalina.startup.Bootstrap.start(Bootstrap.java:342)
		at org.apache.catalina.startup.Bootstrap.main(Bootstrap.java:473)
17-Aug-2020 21:40:37.545 INFO [main] org.apache.coyote.AbstractProtocol.pause Pausing ProtocolHandler ["http-nio-8080"]
17-Aug-2020 21:40:37.545 INFO [main] org.apache.catalina.core.StandardService.stopInternal Stopping service [Catalina]
17-Aug-2020 21:40:37.574 INFO [main] org.apache.coyote.AbstractProtocol.stop Stopping ProtocolHandler ["http-nio-8080"]
17-Aug-2020 21:40:37.577 INFO [main] org.apache.coyote.AbstractProtocol.destroy Destroying ProtocolHandler ["http-nio-8080"]
17-Aug-2020 21:40:44.283 INFO [main] org.apache.catalina.startup.VersionLoggerListener.log Server version name:   Apache Tomcat/8.5.57
17-Aug-2020 21:40:44.287 INFO [main] org.apache.catalina.startup.VersionLoggerListener.log Server built:          Jun 30 2020 21:49:10 UTC
17-Aug-2020 21:40:44.288 INFO [main] org.apache.catalina.startup.VersionLoggerListener.log Server version number: 8.5.57.0
17-Aug-2020 21:40:44.288 INFO [main] org.apache.catalina.startup.VersionLoggerListener.log OS Name:               Windows 10
17-Aug-2020 21:40:44.288 INFO [main] org.apache.catalina.startup.VersionLoggerListener.log OS Version:            10.0
17-Aug-2020 21:40:44.289 INFO [main] org.apache.catalina.startup.VersionLoggerListener.log Architecture:          amd64
17-Aug-2020 21:40:44.289 INFO [main] org.apache.catalina.startup.VersionLoggerListener.log Java Home:             C:\Program Files\Java\jdk1.8.0_231\jre
17-Aug-2020 21:40:44.289 INFO [main] org.apache.catalina.startup.VersionLoggerListener.log JVM Version:           1.8.0_231-b11
17-Aug-2020 21:40:44.290 INFO [main] org.apache.catalina.startup.VersionLoggerListener.log JVM Vendor:            Oracle Corporation
17-Aug-2020 21:40:44.290 INFO [main] org.apache.catalina.startup.VersionLoggerListener.log CATALINA_BASE:         C:\Users\navee\AutomationFramework\apache-tomcat-8.5.57-windows-x64\apache-tomcat-8.5.57
17-Aug-2020 21:40:44.290 INFO [main] org.apache.catalina.startup.VersionLoggerListener.log CATALINA_HOME:         C:\Users\navee\AutomationFramework\apache-tomcat-8.5.57-windows-x64\apache-tomcat-8.5.57
17-Aug-2020 21:40:44.291 INFO [main] org.apache.catalina.startup.VersionLoggerListener.log Command line argument: -Djava.util.logging.config.file=C:\Users\navee\AutomationFramework\apache-tomcat-8.5.57-windows-x64\apache-tomcat-8.5.57\conf\logging.properties
17-Aug-2020 21:40:44.291 INFO [main] org.apache.catalina.startup.VersionLoggerListener.log Command line argument: -Djava.util.logging.manager=org.apache.juli.ClassLoaderLogManager
17-Aug-2020 21:40:44.291 INFO [main] org.apache.catalina.startup.VersionLoggerListener.log Command line argument: -Djdk.tls.ephemeralDHKeySize=2048
17-Aug-2020 21:40:44.291 INFO [main] org.apache.catalina.startup.VersionLoggerListener.log Command line argument: -Djava.protocol.handler.pkgs=org.apache.catalina.webresources
17-Aug-2020 21:40:44.292 INFO [main] org.apache.catalina.startup.VersionLoggerListener.log Command line argument: -Dignore.endorsed.dirs=
17-Aug-2020 21:40:44.292 INFO [main] org.apache.catalina.startup.VersionLoggerListener.log Command line argument: -Dcatalina.base=C:\Users\navee\AutomationFramework\apache-tomcat-8.5.57-windows-x64\apache-tomcat-8.5.57
17-Aug-2020 21:40:44.293 INFO [main] org.apache.catalina.startup.VersionLoggerListener.log Command line argument: -Dcatalina.home=C:\Users\navee\AutomationFramework\apache-tomcat-8.5.57-windows-x64\apache-tomcat-8.5.57
17-Aug-2020 21:40:44.293 INFO [main] org.apache.catalina.startup.VersionLoggerListener.log Command line argument: -Djava.io.tmpdir=C:\Users\navee\AutomationFramework\apache-tomcat-8.5.57-windows-x64\apache-tomcat-8.5.57\temp
17-Aug-2020 21:40:44.294 INFO [main] org.apache.catalina.core.AprLifecycleListener.lifecycleEvent Loaded Apache Tomcat Native library [1.2.24] using APR version [1.7.0].
17-Aug-2020 21:40:44.295 INFO [main] org.apache.catalina.core.AprLifecycleListener.lifecycleEvent APR capabilities: IPv6 [true], sendfile [true], accept filters [false], random [true].
17-Aug-2020 21:40:44.295 INFO [main] org.apache.catalina.core.AprLifecycleListener.lifecycleEvent APR/OpenSSL configuration: useAprConnector [false], useOpenSSL [true]
17-Aug-2020 21:40:44.304 INFO [main] org.apache.catalina.core.AprLifecycleListener.initializeSSL OpenSSL successfully initialized [OpenSSL 1.1.1g  21 Apr 2020]
17-Aug-2020 21:40:44.520 INFO [main] org.apache.coyote.AbstractProtocol.init Initializing ProtocolHandler ["http-nio-8080"]
17-Aug-2020 21:40:44.530 SEVERE [main] org.apache.catalina.core.StandardService.initInternal Failed to initialize connector [Connector[HTTP/1.1-8080]]
	org.apache.catalina.LifecycleException: Protocol handler initialization failed
		at org.apache.catalina.connector.Connector.initInternal(Connector.java:1077)
		at org.apache.catalina.util.LifecycleBase.init(LifecycleBase.java:136)
		at org.apache.catalina.core.StandardService.initInternal(StandardService.java:552)
		at org.apache.catalina.util.LifecycleBase.init(LifecycleBase.java:136)
		at org.apache.catalina.core.StandardServer.initInternal(StandardServer.java:848)
		at org.apache.catalina.util.LifecycleBase.init(LifecycleBase.java:136)
		at org.apache.catalina.startup.Catalina.load(Catalina.java:639)
		at org.apache.catalina.startup.Catalina.load(Catalina.java:662)
		at sun.reflect.NativeMethodAccessorImpl.invoke0(Native Method)
		at sun.reflect.NativeMethodAccessorImpl.invoke(NativeMethodAccessorImpl.java:62)
		at sun.reflect.DelegatingMethodAccessorImpl.invoke(DelegatingMethodAccessorImpl.java:43)
		at java.lang.reflect.Method.invoke(Method.java:498)
		at org.apache.catalina.startup.Bootstrap.load(Bootstrap.java:302)
		at org.apache.catalina.startup.Bootstrap.main(Bootstrap.java:472)
	Caused by: java.net.BindException: Address already in use: bind
		at sun.nio.ch.Net.bind0(Native Method)
		at sun.nio.ch.Net.bind(Net.java:433)
		at sun.nio.ch.Net.bind(Net.java:425)
		at sun.nio.ch.ServerSocketChannelImpl.bind(ServerSocketChannelImpl.java:223)
		at sun.nio.ch.ServerSocketAdaptor.bind(ServerSocketAdaptor.java:74)
		at org.apache.tomcat.util.net.NioEndpoint.bind(NioEndpoint.java:221)
		at org.apache.tomcat.util.net.AbstractEndpoint.init(AbstractEndpoint.java:1118)
		at org.apache.tomcat.util.net.AbstractJsseEndpoint.init(AbstractJsseEndpoint.java:222)
		at org.apache.coyote.AbstractProtocol.init(AbstractProtocol.java:587)
		at org.apache.coyote.http11.AbstractHttp11Protocol.init(AbstractHttp11Protocol.java:74)
		at org.apache.catalina.connector.Connector.initInternal(Connector.java:1075)
		... 13 more
17-Aug-2020 21:40:44.536 INFO [main] org.apache.catalina.startup.Catalina.load Initialization processed in 1168 ms
17-Aug-2020 21:40:44.575 INFO [main] org.apache.catalina.core.StandardService.startInternal Starting service [Catalina]
17-Aug-2020 21:40:44.575 INFO [main] org.apache.catalina.core.StandardEngine.startInternal Starting Servlet Engine: Apache Tomcat/8.5.57
17-Aug-2020 21:40:44.610 INFO [localhost-startStop-1] org.apache.catalina.startup.HostConfig.deployWAR Deploying web application archive [C:\Users\navee\AutomationFramework\apache-tomcat-8.5.57-windows-x64\apache-tomcat-8.5.57\webapps\webapp.war]
17-Aug-2020 21:40:45.318 WARNING [localhost-startStop-1] org.apache.catalina.util.SessionIdGeneratorBase.createSecureRandom Creation of SecureRandom instance for session ID generation using [SHA1PRNG] took [228] milliseconds.
17-Aug-2020 21:40:45.352 INFO [localhost-startStop-1] org.apache.catalina.startup.HostConfig.deployWAR Deployment of web application archive [C:\Users\navee\AutomationFramework\apache-tomcat-8.5.57-windows-x64\apache-tomcat-8.5.57\webapps\webapp.war] has finished in [742] ms
17-Aug-2020 21:40:45.356 INFO [localhost-startStop-1] org.apache.catalina.startup.HostConfig.deployDirectory Deploying web application directory [C:\Users\navee\AutomationFramework\apache-tomcat-8.5.57-windows-x64\apache-tomcat-8.5.57\webapps\docs]
17-Aug-2020 21:40:45.428 INFO [localhost-startStop-1] org.apache.catalina.startup.HostConfig.deployDirectory Deployment of web application directory [C:\Users\navee\AutomationFramework\apache-tomcat-8.5.57-windows-x64\apache-tomcat-8.5.57\webapps\docs] has finished in [72] ms
17-Aug-2020 21:40:45.429 INFO [localhost-startStop-1] org.apache.catalina.startup.HostConfig.deployDirectory Deploying web application directory [C:\Users\navee\AutomationFramework\apache-tomcat-8.5.57-windows-x64\apache-tomcat-8.5.57\webapps\examples]
17-Aug-2020 21:40:46.291 INFO [localhost-startStop-1] org.apache.catalina.startup.HostConfig.deployDirectory Deployment of web application directory [C:\Users\navee\AutomationFramework\apache-tomcat-8.5.57-windows-x64\apache-tomcat-8.5.57\webapps\examples] has finished in [863] ms
17-Aug-2020 21:40:46.293 INFO [localhost-startStop-1] org.apache.catalina.startup.HostConfig.deployDirectory Deploying web application directory [C:\Users\navee\AutomationFramework\apache-tomcat-8.5.57-windows-x64\apache-tomcat-8.5.57\webapps\host-manager]
17-Aug-2020 21:40:46.346 INFO [localhost-startStop-1] org.apache.catalina.startup.HostConfig.deployDirectory Deployment of web application directory [C:\Users\navee\AutomationFramework\apache-tomcat-8.5.57-windows-x64\apache-tomcat-8.5.57\webapps\host-manager] has finished in [52] ms
17-Aug-2020 21:40:46.346 INFO [localhost-startStop-1] org.apache.catalina.startup.HostConfig.deployDirectory Deploying web application directory [C:\Users\navee\AutomationFramework\apache-tomcat-8.5.57-windows-x64\apache-tomcat-8.5.57\webapps\manager]
17-Aug-2020 21:40:46.400 INFO [localhost-startStop-1] org.apache.catalina.startup.HostConfig.deployDirectory Deployment of web application directory [C:\Users\navee\AutomationFramework\apache-tomcat-8.5.57-windows-x64\apache-tomcat-8.5.57\webapps\manager] has finished in [53] ms
17-Aug-2020 21:40:46.400 INFO [localhost-startStop-1] org.apache.catalina.startup.HostConfig.deployDirectory Deploying web application directory [C:\Users\navee\AutomationFramework\apache-tomcat-8.5.57-windows-x64\apache-tomcat-8.5.57\webapps\ROOT]
17-Aug-2020 21:40:46.435 INFO [localhost-startStop-1] org.apache.catalina.startup.HostConfig.deployDirectory Deployment of web application directory [C:\Users\navee\AutomationFramework\apache-tomcat-8.5.57-windows-x64\apache-tomcat-8.5.57\webapps\ROOT] has finished in [35] ms
17-Aug-2020 21:40:46.444 INFO [main] org.apache.catalina.startup.Catalina.start Server startup in 1907 ms
17-Aug-2020 21:40:46.450 SEVERE [main] org.apache.catalina.core.StandardServer.await StandardServer.await: create[localhost:8005]: 
	java.net.BindException: Address already in use: JVM_Bind
		at java.net.DualStackPlainSocketImpl.bind0(Native Method)
		at java.net.DualStackPlainSocketImpl.socketBind(DualStackPlainSocketImpl.java:106)
		at java.net.AbstractPlainSocketImpl.bind(AbstractPlainSocketImpl.java:387)
		at java.net.PlainSocketImpl.bind(PlainSocketImpl.java:190)
		at java.net.ServerSocket.bind(ServerSocket.java:375)
		at java.net.ServerSocket.<init>(ServerSocket.java:237)
		at org.apache.catalina.core.StandardServer.await(StandardServer.java:421)
		at org.apache.catalina.startup.Catalina.await(Catalina.java:776)
		at org.apache.catalina.startup.Catalina.start(Catalina.java:722)
		at sun.reflect.NativeMethodAccessorImpl.invoke0(Native Method)
		at sun.reflect.NativeMethodAccessorImpl.invoke(NativeMethodAccessorImpl.java:62)
		at sun.reflect.DelegatingMethodAccessorImpl.invoke(DelegatingMethodAccessorImpl.java:43)
		at java.lang.reflect.Method.invoke(Method.java:498)
		at org.apache.catalina.startup.Bootstrap.start(Bootstrap.java:342)
		at org.apache.catalina.startup.Bootstrap.main(Bootstrap.java:473)
17-Aug-2020 21:40:46.452 INFO [main] org.apache.coyote.AbstractProtocol.pause Pausing ProtocolHandler ["http-nio-8080"]
17-Aug-2020 21:40:46.452 INFO [main] org.apache.catalina.core.StandardService.stopInternal Stopping service [Catalina]
17-Aug-2020 21:40:46.491 INFO [main] org.apache.coyote.AbstractProtocol.stop Stopping ProtocolHandler ["http-nio-8080"]
17-Aug-2020 21:40:46.492 INFO [main] org.apache.coyote.AbstractProtocol.destroy Destroying ProtocolHandler ["http-nio-8080"]
17-Aug-2020 21:40:56.052 INFO [main] org.apache.catalina.startup.VersionLoggerListener.log Server version name:   Apache Tomcat/8.5.57
17-Aug-2020 21:40:56.055 INFO [main] org.apache.catalina.startup.VersionLoggerListener.log Server built:          Jun 30 2020 21:49:10 UTC
17-Aug-2020 21:40:56.057 INFO [main] org.apache.catalina.startup.VersionLoggerListener.log Server version number: 8.5.57.0
17-Aug-2020 21:40:56.058 INFO [main] org.apache.catalina.startup.VersionLoggerListener.log OS Name:               Windows 10
17-Aug-2020 21:40:56.058 INFO [main] org.apache.catalina.startup.VersionLoggerListener.log OS Version:            10.0
17-Aug-2020 21:40:56.058 INFO [main] org.apache.catalina.startup.VersionLoggerListener.log Architecture:          amd64
17-Aug-2020 21:40:56.065 INFO [main] org.apache.catalina.startup.VersionLoggerListener.log Java Home:             C:\Program Files\Java\jdk1.8.0_231\jre
17-Aug-2020 21:40:56.066 INFO [main] org.apache.catalina.startup.VersionLoggerListener.log JVM Version:           1.8.0_231-b11
17-Aug-2020 21:40:56.066 INFO [main] org.apache.catalina.startup.VersionLoggerListener.log JVM Vendor:            Oracle Corporation
17-Aug-2020 21:40:56.066 INFO [main] org.apache.catalina.startup.VersionLoggerListener.log CATALINA_BASE:         C:\Users\navee\AutomationFramework\apache-tomcat-8.5.57-windows-x64\apache-tomcat-8.5.57
17-Aug-2020 21:40:56.066 INFO [main] org.apache.catalina.startup.VersionLoggerListener.log CATALINA_HOME:         C:\Users\navee\AutomationFramework\apache-tomcat-8.5.57-windows-x64\apache-tomcat-8.5.57
17-Aug-2020 21:40:56.066 INFO [main] org.apache.catalina.startup.VersionLoggerListener.log Command line argument: -Djava.util.logging.config.file=C:/Users/navee/AutomationFramework/apache-tomcat-8.5.57-windows-x64/apache-tomcat-8.5.57/conf/logging.properties
17-Aug-2020 21:40:56.066 INFO [main] org.apache.catalina.startup.VersionLoggerListener.log Command line argument: -Djava.util.logging.manager=org.apache.juli.ClassLoaderLogManager
17-Aug-2020 21:40:56.066 INFO [main] org.apache.catalina.startup.VersionLoggerListener.log Command line argument: -Djdk.tls.ephemeralDHKeySize=2048
17-Aug-2020 21:40:56.067 INFO [main] org.apache.catalina.startup.VersionLoggerListener.log Command line argument: -Djava.protocol.handler.pkgs=org.apache.catalina.webresources
17-Aug-2020 21:40:56.067 INFO [main] org.apache.catalina.startup.VersionLoggerListener.log Command line argument: -Dorg.apache.catalina.security.SecurityListener.UMASK=0027
17-Aug-2020 21:40:56.067 INFO [main] org.apache.catalina.startup.VersionLoggerListener.log Command line argument: -Dignore.endorsed.dirs=
17-Aug-2020 21:40:56.067 INFO [main] org.apache.catalina.startup.VersionLoggerListener.log Command line argument: -Dcatalina.base=C:/Users/navee/AutomationFramework/apache-tomcat-8.5.57-windows-x64/apache-tomcat-8.5.57
17-Aug-2020 21:40:56.067 INFO [main] org.apache.catalina.startup.VersionLoggerListener.log Command line argument: -Dcatalina.home=C:/Users/navee/AutomationFramework/apache-tomcat-8.5.57-windows-x64/apache-tomcat-8.5.57
17-Aug-2020 21:40:56.067 INFO [main] org.apache.catalina.startup.VersionLoggerListener.log Command line argument: -Djava.io.tmpdir=C:/Users/navee/AutomationFramework/apache-tomcat-8.5.57-windows-x64/apache-tomcat-8.5.57/temp
17-Aug-2020 21:40:56.067 INFO [main] org.apache.catalina.core.AprLifecycleListener.lifecycleEvent Loaded Apache Tomcat Native library [1.2.24] using APR version [1.7.0].
17-Aug-2020 21:40:56.067 INFO [main] org.apache.catalina.core.AprLifecycleListener.lifecycleEvent APR capabilities: IPv6 [true], sendfile [true], accept filters [false], random [true].
17-Aug-2020 21:40:56.067 INFO [main] org.apache.catalina.core.AprLifecycleListener.lifecycleEvent APR/OpenSSL configuration: useAprConnector [false], useOpenSSL [true]
17-Aug-2020 21:40:56.076 INFO [main] org.apache.catalina.core.AprLifecycleListener.initializeSSL OpenSSL successfully initialized [OpenSSL 1.1.1g  21 Apr 2020]
17-Aug-2020 21:40:56.254 INFO [main] org.apache.coyote.AbstractProtocol.init Initializing ProtocolHandler ["http-nio-8080"]
17-Aug-2020 21:40:56.265 SEVERE [main] org.apache.catalina.core.StandardService.initInternal Failed to initialize connector [Connector[HTTP/1.1-8080]]
	org.apache.catalina.LifecycleException: Protocol handler initialization failed
		at org.apache.catalina.connector.Connector.initInternal(Connector.java:1077)
		at org.apache.catalina.util.LifecycleBase.init(LifecycleBase.java:136)
		at org.apache.catalina.core.StandardService.initInternal(StandardService.java:552)
		at org.apache.catalina.util.LifecycleBase.init(LifecycleBase.java:136)
		at org.apache.catalina.core.StandardServer.initInternal(StandardServer.java:848)
		at org.apache.catalina.util.LifecycleBase.init(LifecycleBase.java:136)
		at org.apache.catalina.startup.Catalina.load(Catalina.java:639)
		at org.apache.catalina.startup.Catalina.load(Catalina.java:662)
		at sun.reflect.NativeMethodAccessorImpl.invoke0(Native Method)
		at sun.reflect.NativeMethodAccessorImpl.invoke(NativeMethodAccessorImpl.java:62)
		at sun.reflect.DelegatingMethodAccessorImpl.invoke(DelegatingMethodAccessorImpl.java:43)
		at java.lang.reflect.Method.invoke(Method.java:498)
		at org.apache.catalina.startup.Bootstrap.load(Bootstrap.java:302)
		at org.apache.catalina.startup.Bootstrap.main(Bootstrap.java:472)
	Caused by: java.net.BindException: Address already in use: bind
		at sun.nio.ch.Net.bind0(Native Method)
		at sun.nio.ch.Net.bind(Net.java:433)
		at sun.nio.ch.Net.bind(Net.java:425)
		at sun.nio.ch.ServerSocketChannelImpl.bind(ServerSocketChannelImpl.java:223)
		at sun.nio.ch.ServerSocketAdaptor.bind(ServerSocketAdaptor.java:74)
		at org.apache.tomcat.util.net.NioEndpoint.bind(NioEndpoint.java:221)
		at org.apache.tomcat.util.net.AbstractEndpoint.init(AbstractEndpoint.java:1118)
		at org.apache.tomcat.util.net.AbstractJsseEndpoint.init(AbstractJsseEndpoint.java:222)
		at org.apache.coyote.AbstractProtocol.init(AbstractProtocol.java:587)
		at org.apache.coyote.http11.AbstractHttp11Protocol.init(AbstractHttp11Protocol.java:74)
		at org.apache.catalina.connector.Connector.initInternal(Connector.java:1075)
		... 13 more
17-Aug-2020 21:40:56.266 INFO [main] org.apache.catalina.startup.Catalina.load Initialization processed in 894 ms
17-Aug-2020 21:40:56.321 INFO [main] org.apache.catalina.core.StandardService.startInternal Starting service [Catalina]
17-Aug-2020 21:40:56.321 INFO [main] org.apache.catalina.core.StandardEngine.startInternal Starting Servlet Engine: Apache Tomcat/8.5.57
17-Aug-2020 21:40:56.354 INFO [localhost-startStop-1] org.apache.catalina.startup.HostConfig.deployWAR Deploying web application archive [C:\Users\navee\AutomationFramework\apache-tomcat-8.5.57-windows-x64\apache-tomcat-8.5.57\webapps\webapp.war]
17-Aug-2020 21:40:56.946 WARNING [localhost-startStop-1] org.apache.catalina.util.SessionIdGeneratorBase.createSecureRandom Creation of SecureRandom instance for session ID generation using [SHA1PRNG] took [191] milliseconds.
17-Aug-2020 21:40:56.979 INFO [localhost-startStop-1] org.apache.catalina.startup.HostConfig.deployWAR Deployment of web application archive [C:\Users\navee\AutomationFramework\apache-tomcat-8.5.57-windows-x64\apache-tomcat-8.5.57\webapps\webapp.war] has finished in [625] ms
17-Aug-2020 21:40:56.980 INFO [localhost-startStop-1] org.apache.catalina.startup.HostConfig.deployDirectory Deploying web application directory [C:\Users\navee\AutomationFramework\apache-tomcat-8.5.57-windows-x64\apache-tomcat-8.5.57\webapps\docs]
17-Aug-2020 21:40:57.026 INFO [localhost-startStop-1] org.apache.catalina.startup.HostConfig.deployDirectory Deployment of web application directory [C:\Users\navee\AutomationFramework\apache-tomcat-8.5.57-windows-x64\apache-tomcat-8.5.57\webapps\docs] has finished in [45] ms
17-Aug-2020 21:40:57.026 INFO [localhost-startStop-1] org.apache.catalina.startup.HostConfig.deployDirectory Deploying web application directory [C:\Users\navee\AutomationFramework\apache-tomcat-8.5.57-windows-x64\apache-tomcat-8.5.57\webapps\examples]
17-Aug-2020 21:40:57.565 INFO [localhost-startStop-1] org.apache.catalina.startup.HostConfig.deployDirectory Deployment of web application directory [C:\Users\navee\AutomationFramework\apache-tomcat-8.5.57-windows-x64\apache-tomcat-8.5.57\webapps\examples] has finished in [539] ms
17-Aug-2020 21:40:57.565 INFO [localhost-startStop-1] org.apache.catalina.startup.HostConfig.deployDirectory Deploying web application directory [C:\Users\navee\AutomationFramework\apache-tomcat-8.5.57-windows-x64\apache-tomcat-8.5.57\webapps\host-manager]
17-Aug-2020 21:40:57.607 INFO [localhost-startStop-1] org.apache.catalina.startup.HostConfig.deployDirectory Deployment of web application directory [C:\Users\navee\AutomationFramework\apache-tomcat-8.5.57-windows-x64\apache-tomcat-8.5.57\webapps\host-manager] has finished in [42] ms
17-Aug-2020 21:40:57.609 INFO [localhost-startStop-1] org.apache.catalina.startup.HostConfig.deployDirectory Deploying web application directory [C:\Users\navee\AutomationFramework\apache-tomcat-8.5.57-windows-x64\apache-tomcat-8.5.57\webapps\manager]
17-Aug-2020 21:40:57.649 INFO [localhost-startStop-1] org.apache.catalina.startup.HostConfig.deployDirectory Deployment of web application directory [C:\Users\navee\AutomationFramework\apache-tomcat-8.5.57-windows-x64\apache-tomcat-8.5.57\webapps\manager] has finished in [42] ms
17-Aug-2020 21:40:57.649 INFO [localhost-startStop-1] org.apache.catalina.startup.HostConfig.deployDirectory Deploying web application directory [C:\Users\navee\AutomationFramework\apache-tomcat-8.5.57-windows-x64\apache-tomcat-8.5.57\webapps\ROOT]
17-Aug-2020 21:40:57.690 INFO [localhost-startStop-1] org.apache.catalina.startup.HostConfig.deployDirectory Deployment of web application directory [C:\Users\navee\AutomationFramework\apache-tomcat-8.5.57-windows-x64\apache-tomcat-8.5.57\webapps\ROOT] has finished in [41] ms
17-Aug-2020 21:40:57.696 INFO [main] org.apache.catalina.startup.Catalina.start Server startup in 1428 ms
17-Aug-2020 21:40:57.706 SEVERE [main] org.apache.catalina.core.StandardServer.await StandardServer.await: create[localhost:8005]: 
	java.net.BindException: Address already in use: JVM_Bind
		at java.net.DualStackPlainSocketImpl.bind0(Native Method)
		at java.net.DualStackPlainSocketImpl.socketBind(DualStackPlainSocketImpl.java:106)
		at java.net.AbstractPlainSocketImpl.bind(AbstractPlainSocketImpl.java:387)
		at java.net.PlainSocketImpl.bind(PlainSocketImpl.java:190)
		at java.net.ServerSocket.bind(ServerSocket.java:375)
		at java.net.ServerSocket.<init>(ServerSocket.java:237)
		at org.apache.catalina.core.StandardServer.await(StandardServer.java:421)
		at org.apache.catalina.startup.Catalina.await(Catalina.java:776)
		at org.apache.catalina.startup.Catalina.start(Catalina.java:722)
		at sun.reflect.NativeMethodAccessorImpl.invoke0(Native Method)
		at sun.reflect.NativeMethodAccessorImpl.invoke(NativeMethodAccessorImpl.java:62)
		at sun.reflect.DelegatingMethodAccessorImpl.invoke(DelegatingMethodAccessorImpl.java:43)
		at java.lang.reflect.Method.invoke(Method.java:498)
		at org.apache.catalina.startup.Bootstrap.start(Bootstrap.java:342)
		at org.apache.catalina.startup.Bootstrap.main(Bootstrap.java:473)
17-Aug-2020 21:40:57.707 INFO [main] org.apache.coyote.AbstractProtocol.pause Pausing ProtocolHandler ["http-nio-8080"]
17-Aug-2020 21:40:57.707 INFO [main] org.apache.catalina.core.StandardService.stopInternal Stopping service [Catalina]
17-Aug-2020 21:40:57.755 INFO [main] org.apache.coyote.AbstractProtocol.stop Stopping ProtocolHandler ["http-nio-8080"]
17-Aug-2020 21:40:57.755 INFO [main] org.apache.coyote.AbstractProtocol.destroy Destroying ProtocolHandler ["http-nio-8080"]
17-Aug-2020 21:40:59.486 INFO [main] org.apache.catalina.startup.VersionLoggerListener.log Server version name:   Apache Tomcat/8.5.57
17-Aug-2020 21:40:59.490 INFO [main] org.apache.catalina.startup.VersionLoggerListener.log Server built:          Jun 30 2020 21:49:10 UTC
17-Aug-2020 21:40:59.491 INFO [main] org.apache.catalina.startup.VersionLoggerListener.log Server version number: 8.5.57.0
17-Aug-2020 21:40:59.491 INFO [main] org.apache.catalina.startup.VersionLoggerListener.log OS Name:               Windows 10
17-Aug-2020 21:40:59.492 INFO [main] org.apache.catalina.startup.VersionLoggerListener.log OS Version:            10.0
17-Aug-2020 21:40:59.492 INFO [main] org.apache.catalina.startup.VersionLoggerListener.log Architecture:          amd64
17-Aug-2020 21:40:59.492 INFO [main] org.apache.catalina.startup.VersionLoggerListener.log Java Home:             C:\Program Files\Java\jdk1.8.0_231\jre
17-Aug-2020 21:40:59.492 INFO [main] org.apache.catalina.startup.VersionLoggerListener.log JVM Version:           1.8.0_231-b11
17-Aug-2020 21:40:59.493 INFO [main] org.apache.catalina.startup.VersionLoggerListener.log JVM Vendor:            Oracle Corporation
17-Aug-2020 21:40:59.493 INFO [main] org.apache.catalina.startup.VersionLoggerListener.log CATALINA_BASE:         C:\Users\navee\AutomationFramework\apache-tomcat-8.5.57-windows-x64\apache-tomcat-8.5.57
17-Aug-2020 21:40:59.493 INFO [main] org.apache.catalina.startup.VersionLoggerListener.log CATALINA_HOME:         C:\Users\navee\AutomationFramework\apache-tomcat-8.5.57-windows-x64\apache-tomcat-8.5.57
17-Aug-2020 21:40:59.494 INFO [main] org.apache.catalina.startup.VersionLoggerListener.log Command line argument: -Djava.util.logging.config.file=C:\Users\navee\AutomationFramework\apache-tomcat-8.5.57-windows-x64\apache-tomcat-8.5.57\conf\logging.properties
17-Aug-2020 21:40:59.495 INFO [main] org.apache.catalina.startup.VersionLoggerListener.log Command line argument: -Djava.util.logging.manager=org.apache.juli.ClassLoaderLogManager
17-Aug-2020 21:40:59.495 INFO [main] org.apache.catalina.startup.VersionLoggerListener.log Command line argument: -Djdk.tls.ephemeralDHKeySize=2048
17-Aug-2020 21:40:59.495 INFO [main] org.apache.catalina.startup.VersionLoggerListener.log Command line argument: -Djava.protocol.handler.pkgs=org.apache.catalina.webresources
17-Aug-2020 21:40:59.496 INFO [main] org.apache.catalina.startup.VersionLoggerListener.log Command line argument: -Dignore.endorsed.dirs=
17-Aug-2020 21:40:59.496 INFO [main] org.apache.catalina.startup.VersionLoggerListener.log Command line argument: -Dcatalina.base=C:\Users\navee\AutomationFramework\apache-tomcat-8.5.57-windows-x64\apache-tomcat-8.5.57
17-Aug-2020 21:40:59.497 INFO [main] org.apache.catalina.startup.VersionLoggerListener.log Command line argument: -Dcatalina.home=C:\Users\navee\AutomationFramework\apache-tomcat-8.5.57-windows-x64\apache-tomcat-8.5.57
17-Aug-2020 21:40:59.498 INFO [main] org.apache.catalina.startup.VersionLoggerListener.log Command line argument: -Djava.io.tmpdir=C:\Users\navee\AutomationFramework\apache-tomcat-8.5.57-windows-x64\apache-tomcat-8.5.57\temp
17-Aug-2020 21:40:59.499 INFO [main] org.apache.catalina.core.AprLifecycleListener.lifecycleEvent Loaded Apache Tomcat Native library [1.2.24] using APR version [1.7.0].
17-Aug-2020 21:40:59.499 INFO [main] org.apache.catalina.core.AprLifecycleListener.lifecycleEvent APR capabilities: IPv6 [true], sendfile [true], accept filters [false], random [true].
17-Aug-2020 21:40:59.500 INFO [main] org.apache.catalina.core.AprLifecycleListener.lifecycleEvent APR/OpenSSL configuration: useAprConnector [false], useOpenSSL [true]
17-Aug-2020 21:40:59.510 INFO [main] org.apache.catalina.core.AprLifecycleListener.initializeSSL OpenSSL successfully initialized [OpenSSL 1.1.1g  21 Apr 2020]
17-Aug-2020 21:40:59.705 INFO [main] org.apache.coyote.AbstractProtocol.init Initializing ProtocolHandler ["http-nio-8080"]
17-Aug-2020 21:40:59.721 SEVERE [main] org.apache.catalina.core.StandardService.initInternal Failed to initialize connector [Connector[HTTP/1.1-8080]]
	org.apache.catalina.LifecycleException: Protocol handler initialization failed
		at org.apache.catalina.connector.Connector.initInternal(Connector.java:1077)
		at org.apache.catalina.util.LifecycleBase.init(LifecycleBase.java:136)
		at org.apache.catalina.core.StandardService.initInternal(StandardService.java:552)
		at org.apache.catalina.util.LifecycleBase.init(LifecycleBase.java:136)
		at org.apache.catalina.core.StandardServer.initInternal(StandardServer.java:848)
		at org.apache.catalina.util.LifecycleBase.init(LifecycleBase.java:136)
		at org.apache.catalina.startup.Catalina.load(Catalina.java:639)
		at org.apache.catalina.startup.Catalina.load(Catalina.java:662)
		at sun.reflect.NativeMethodAccessorImpl.invoke0(Native Method)
		at sun.reflect.NativeMethodAccessorImpl.invoke(NativeMethodAccessorImpl.java:62)
		at sun.reflect.DelegatingMethodAccessorImpl.invoke(DelegatingMethodAccessorImpl.java:43)
		at java.lang.reflect.Method.invoke(Method.java:498)
		at org.apache.catalina.startup.Bootstrap.load(Bootstrap.java:302)
		at org.apache.catalina.startup.Bootstrap.main(Bootstrap.java:472)
	Caused by: java.net.BindException: Address already in use: bind
		at sun.nio.ch.Net.bind0(Native Method)
		at sun.nio.ch.Net.bind(Net.java:433)
		at sun.nio.ch.Net.bind(Net.java:425)
		at sun.nio.ch.ServerSocketChannelImpl.bind(ServerSocketChannelImpl.java:223)
		at sun.nio.ch.ServerSocketAdaptor.bind(ServerSocketAdaptor.java:74)
		at org.apache.tomcat.util.net.NioEndpoint.bind(NioEndpoint.java:221)
		at org.apache.tomcat.util.net.AbstractEndpoint.init(AbstractEndpoint.java:1118)
		at org.apache.tomcat.util.net.AbstractJsseEndpoint.init(AbstractJsseEndpoint.java:222)
		at org.apache.coyote.AbstractProtocol.init(AbstractProtocol.java:587)
		at org.apache.coyote.http11.AbstractHttp11Protocol.init(AbstractHttp11Protocol.java:74)
		at org.apache.catalina.connector.Connector.initInternal(Connector.java:1075)
		... 13 more
17-Aug-2020 21:40:59.727 INFO [main] org.apache.catalina.startup.Catalina.load Initialization processed in 836 ms
17-Aug-2020 21:40:59.825 INFO [main] org.apache.catalina.core.StandardService.startInternal Starting service [Catalina]
17-Aug-2020 21:40:59.826 INFO [main] org.apache.catalina.core.StandardEngine.startInternal Starting Servlet Engine: Apache Tomcat/8.5.57
17-Aug-2020 21:40:59.898 INFO [localhost-startStop-1] org.apache.catalina.startup.HostConfig.deployWAR Deploying web application archive [C:\Users\navee\AutomationFramework\apache-tomcat-8.5.57-windows-x64\apache-tomcat-8.5.57\webapps\webapp.war]
17-Aug-2020 21:41:00.592 WARNING [localhost-startStop-1] org.apache.catalina.util.SessionIdGeneratorBase.createSecureRandom Creation of SecureRandom instance for session ID generation using [SHA1PRNG] took [239] milliseconds.
17-Aug-2020 21:41:00.670 INFO [localhost-startStop-1] org.apache.catalina.startup.HostConfig.deployWAR Deployment of web application archive [C:\Users\navee\AutomationFramework\apache-tomcat-8.5.57-windows-x64\apache-tomcat-8.5.57\webapps\webapp.war] has finished in [771] ms
17-Aug-2020 21:41:00.674 INFO [localhost-startStop-1] org.apache.catalina.startup.HostConfig.deployDirectory Deploying web application directory [C:\Users\navee\AutomationFramework\apache-tomcat-8.5.57-windows-x64\apache-tomcat-8.5.57\webapps\docs]
17-Aug-2020 21:41:00.762 INFO [localhost-startStop-1] org.apache.catalina.startup.HostConfig.deployDirectory Deployment of web application directory [C:\Users\navee\AutomationFramework\apache-tomcat-8.5.57-windows-x64\apache-tomcat-8.5.57\webapps\docs] has finished in [88] ms
17-Aug-2020 21:41:00.763 INFO [localhost-startStop-1] org.apache.catalina.startup.HostConfig.deployDirectory Deploying web application directory [C:\Users\navee\AutomationFramework\apache-tomcat-8.5.57-windows-x64\apache-tomcat-8.5.57\webapps\examples]
17-Aug-2020 21:41:01.429 INFO [localhost-startStop-1] org.apache.catalina.startup.HostConfig.deployDirectory Deployment of web application directory [C:\Users\navee\AutomationFramework\apache-tomcat-8.5.57-windows-x64\apache-tomcat-8.5.57\webapps\examples] has finished in [666] ms
17-Aug-2020 21:41:01.431 INFO [localhost-startStop-1] org.apache.catalina.startup.HostConfig.deployDirectory Deploying web application directory [C:\Users\navee\AutomationFramework\apache-tomcat-8.5.57-windows-x64\apache-tomcat-8.5.57\webapps\host-manager]
17-Aug-2020 21:41:01.479 INFO [localhost-startStop-1] org.apache.catalina.startup.HostConfig.deployDirectory Deployment of web application directory [C:\Users\navee\AutomationFramework\apache-tomcat-8.5.57-windows-x64\apache-tomcat-8.5.57\webapps\host-manager] has finished in [44] ms
17-Aug-2020 21:41:01.479 INFO [localhost-startStop-1] org.apache.catalina.startup.HostConfig.deployDirectory Deploying web application directory [C:\Users\navee\AutomationFramework\apache-tomcat-8.5.57-windows-x64\apache-tomcat-8.5.57\webapps\manager]
17-Aug-2020 21:41:01.535 INFO [localhost-startStop-1] org.apache.catalina.startup.HostConfig.deployDirectory Deployment of web application directory [C:\Users\navee\AutomationFramework\apache-tomcat-8.5.57-windows-x64\apache-tomcat-8.5.57\webapps\manager] has finished in [56] ms
17-Aug-2020 21:41:01.538 INFO [localhost-startStop-1] org.apache.catalina.startup.HostConfig.deployDirectory Deploying web application directory [C:\Users\navee\AutomationFramework\apache-tomcat-8.5.57-windows-x64\apache-tomcat-8.5.57\webapps\ROOT]
17-Aug-2020 21:41:01.589 INFO [localhost-startStop-1] org.apache.catalina.startup.HostConfig.deployDirectory Deployment of web application directory [C:\Users\navee\AutomationFramework\apache-tomcat-8.5.57-windows-x64\apache-tomcat-8.5.57\webapps\ROOT] has finished in [51] ms
17-Aug-2020 21:41:01.593 INFO [main] org.apache.catalina.startup.Catalina.start Server startup in 1856 ms
17-Aug-2020 21:41:01.602 SEVERE [main] org.apache.catalina.core.StandardServer.await StandardServer.await: create[localhost:8005]: 
	java.net.BindException: Address already in use: JVM_Bind
		at java.net.DualStackPlainSocketImpl.bind0(Native Method)
		at java.net.DualStackPlainSocketImpl.socketBind(DualStackPlainSocketImpl.java:106)
		at java.net.AbstractPlainSocketImpl.bind(AbstractPlainSocketImpl.java:387)
		at java.net.PlainSocketImpl.bind(PlainSocketImpl.java:190)
		at java.net.ServerSocket.bind(ServerSocket.java:375)
		at java.net.ServerSocket.<init>(ServerSocket.java:237)
		at org.apache.catalina.core.StandardServer.await(StandardServer.java:421)
		at org.apache.catalina.startup.Catalina.await(Catalina.java:776)
		at org.apache.catalina.startup.Catalina.start(Catalina.java:722)
		at sun.reflect.NativeMethodAccessorImpl.invoke0(Native Method)
		at sun.reflect.NativeMethodAccessorImpl.invoke(NativeMethodAccessorImpl.java:62)
		at sun.reflect.DelegatingMethodAccessorImpl.invoke(DelegatingMethodAccessorImpl.java:43)
		at java.lang.reflect.Method.invoke(Method.java:498)
		at org.apache.catalina.startup.Bootstrap.start(Bootstrap.java:342)
		at org.apache.catalina.startup.Bootstrap.main(Bootstrap.java:473)
17-Aug-2020 21:41:01.605 INFO [main] org.apache.coyote.AbstractProtocol.pause Pausing ProtocolHandler ["http-nio-8080"]
17-Aug-2020 21:41:01.605 INFO [main] org.apache.catalina.core.StandardService.stopInternal Stopping service [Catalina]
17-Aug-2020 21:41:01.644 INFO [main] org.apache.coyote.AbstractProtocol.stop Stopping ProtocolHandler ["http-nio-8080"]
17-Aug-2020 21:41:01.644 INFO [main] org.apache.coyote.AbstractProtocol.destroy Destroying ProtocolHandler ["http-nio-8080"]
17-Aug-2020 21:44:07.436 INFO [main] org.apache.catalina.startup.VersionLoggerListener.log Server version name:   Apache Tomcat/8.5.57
17-Aug-2020 21:44:07.439 INFO [main] org.apache.catalina.startup.VersionLoggerListener.log Server built:          Jun 30 2020 21:49:10 UTC
17-Aug-2020 21:44:07.442 INFO [main] org.apache.catalina.startup.VersionLoggerListener.log Server version number: 8.5.57.0
17-Aug-2020 21:44:07.442 INFO [main] org.apache.catalina.startup.VersionLoggerListener.log OS Name:               Windows 10
17-Aug-2020 21:44:07.442 INFO [main] org.apache.catalina.startup.VersionLoggerListener.log OS Version:            10.0
17-Aug-2020 21:44:07.442 INFO [main] org.apache.catalina.startup.VersionLoggerListener.log Architecture:          amd64
17-Aug-2020 21:44:07.442 INFO [main] org.apache.catalina.startup.VersionLoggerListener.log Java Home:             C:\Program Files\Java\jdk1.8.0_231\jre
17-Aug-2020 21:44:07.442 INFO [main] org.apache.catalina.startup.VersionLoggerListener.log JVM Version:           1.8.0_231-b11
17-Aug-2020 21:44:07.443 INFO [main] org.apache.catalina.startup.VersionLoggerListener.log JVM Vendor:            Oracle Corporation
17-Aug-2020 21:44:07.443 INFO [main] org.apache.catalina.startup.VersionLoggerListener.log CATALINA_BASE:         C:\Users\navee\AutomationFramework\apache-tomcat-8.5.57-windows-x64\apache-tomcat-8.5.57
17-Aug-2020 21:44:07.443 INFO [main] org.apache.catalina.startup.VersionLoggerListener.log CATALINA_HOME:         C:\Users\navee\AutomationFramework\apache-tomcat-8.5.57-windows-x64\apache-tomcat-8.5.57
17-Aug-2020 21:44:07.444 INFO [main] org.apache.catalina.startup.VersionLoggerListener.log Command line argument: -Djava.util.logging.config.file=C:\Users\navee\AutomationFramework\apache-tomcat-8.5.57-windows-x64\apache-tomcat-8.5.57\conf\logging.properties
17-Aug-2020 21:44:07.444 INFO [main] org.apache.catalina.startup.VersionLoggerListener.log Command line argument: -Djava.util.logging.manager=org.apache.juli.ClassLoaderLogManager
17-Aug-2020 21:44:07.444 INFO [main] org.apache.catalina.startup.VersionLoggerListener.log Command line argument: -Djdk.tls.ephemeralDHKeySize=2048
17-Aug-2020 21:44:07.444 INFO [main] org.apache.catalina.startup.VersionLoggerListener.log Command line argument: -Djava.protocol.handler.pkgs=org.apache.catalina.webresources
17-Aug-2020 21:44:07.444 INFO [main] org.apache.catalina.startup.VersionLoggerListener.log Command line argument: -Dignore.endorsed.dirs=
17-Aug-2020 21:44:07.445 INFO [main] org.apache.catalina.startup.VersionLoggerListener.log Command line argument: -Dcatalina.base=C:\Users\navee\AutomationFramework\apache-tomcat-8.5.57-windows-x64\apache-tomcat-8.5.57
17-Aug-2020 21:44:07.445 INFO [main] org.apache.catalina.startup.VersionLoggerListener.log Command line argument: -Dcatalina.home=C:\Users\navee\AutomationFramework\apache-tomcat-8.5.57-windows-x64\apache-tomcat-8.5.57
17-Aug-2020 21:44:07.446 INFO [main] org.apache.catalina.startup.VersionLoggerListener.log Command line argument: -Djava.io.tmpdir=C:\Users\navee\AutomationFramework\apache-tomcat-8.5.57-windows-x64\apache-tomcat-8.5.57\temp
17-Aug-2020 21:44:07.447 INFO [main] org.apache.catalina.core.AprLifecycleListener.lifecycleEvent Loaded Apache Tomcat Native library [1.2.24] using APR version [1.7.0].
17-Aug-2020 21:44:07.447 INFO [main] org.apache.catalina.core.AprLifecycleListener.lifecycleEvent APR capabilities: IPv6 [true], sendfile [true], accept filters [false], random [true].
17-Aug-2020 21:44:07.448 INFO [main] org.apache.catalina.core.AprLifecycleListener.lifecycleEvent APR/OpenSSL configuration: useAprConnector [false], useOpenSSL [true]
17-Aug-2020 21:44:07.463 INFO [main] org.apache.catalina.core.AprLifecycleListener.initializeSSL OpenSSL successfully initialized [OpenSSL 1.1.1g  21 Apr 2020]
17-Aug-2020 21:44:07.644 INFO [main] org.apache.coyote.AbstractProtocol.init Initializing ProtocolHandler ["http-nio-8080"]
17-Aug-2020 21:44:07.659 SEVERE [main] org.apache.catalina.core.StandardService.initInternal Failed to initialize connector [Connector[HTTP/1.1-8080]]
	org.apache.catalina.LifecycleException: Protocol handler initialization failed
		at org.apache.catalina.connector.Connector.initInternal(Connector.java:1077)
		at org.apache.catalina.util.LifecycleBase.init(LifecycleBase.java:136)
		at org.apache.catalina.core.StandardService.initInternal(StandardService.java:552)
		at org.apache.catalina.util.LifecycleBase.init(LifecycleBase.java:136)
		at org.apache.catalina.core.StandardServer.initInternal(StandardServer.java:848)
		at org.apache.catalina.util.LifecycleBase.init(LifecycleBase.java:136)
		at org.apache.catalina.startup.Catalina.load(Catalina.java:639)
		at org.apache.catalina.startup.Catalina.load(Catalina.java:662)
		at sun.reflect.NativeMethodAccessorImpl.invoke0(Native Method)
		at sun.reflect.NativeMethodAccessorImpl.invoke(NativeMethodAccessorImpl.java:62)
		at sun.reflect.DelegatingMethodAccessorImpl.invoke(DelegatingMethodAccessorImpl.java:43)
		at java.lang.reflect.Method.invoke(Method.java:498)
		at org.apache.catalina.startup.Bootstrap.load(Bootstrap.java:302)
		at org.apache.catalina.startup.Bootstrap.main(Bootstrap.java:472)
	Caused by: java.net.BindException: Address already in use: bind
		at sun.nio.ch.Net.bind0(Native Method)
		at sun.nio.ch.Net.bind(Net.java:433)
		at sun.nio.ch.Net.bind(Net.java:425)
		at sun.nio.ch.ServerSocketChannelImpl.bind(ServerSocketChannelImpl.java:223)
		at sun.nio.ch.ServerSocketAdaptor.bind(ServerSocketAdaptor.java:74)
		at org.apache.tomcat.util.net.NioEndpoint.bind(NioEndpoint.java:221)
		at org.apache.tomcat.util.net.AbstractEndpoint.init(AbstractEndpoint.java:1118)
		at org.apache.tomcat.util.net.AbstractJsseEndpoint.init(AbstractJsseEndpoint.java:222)
		at org.apache.coyote.AbstractProtocol.init(AbstractProtocol.java:587)
		at org.apache.coyote.http11.AbstractHttp11Protocol.init(AbstractHttp11Protocol.java:74)
		at org.apache.catalina.connector.Connector.initInternal(Connector.java:1075)
		... 13 more
17-Aug-2020 21:44:07.662 INFO [main] org.apache.catalina.startup.Catalina.load Initialization processed in 894 ms
17-Aug-2020 21:44:07.700 INFO [main] org.apache.catalina.core.StandardService.startInternal Starting service [Catalina]
17-Aug-2020 21:44:07.701 INFO [main] org.apache.catalina.core.StandardEngine.startInternal Starting Servlet Engine: Apache Tomcat/8.5.57
17-Aug-2020 21:44:07.732 INFO [localhost-startStop-1] org.apache.catalina.startup.HostConfig.deployWAR Deploying web application archive [C:\Users\navee\AutomationFramework\apache-tomcat-8.5.57-windows-x64\apache-tomcat-8.5.57\webapps\webapp.war]
17-Aug-2020 21:44:08.287 WARNING [localhost-startStop-1] org.apache.catalina.util.SessionIdGeneratorBase.createSecureRandom Creation of SecureRandom instance for session ID generation using [SHA1PRNG] took [215] milliseconds.
17-Aug-2020 21:44:08.323 INFO [localhost-startStop-1] org.apache.catalina.startup.HostConfig.deployWAR Deployment of web application archive [C:\Users\navee\AutomationFramework\apache-tomcat-8.5.57-windows-x64\apache-tomcat-8.5.57\webapps\webapp.war] has finished in [591] ms
17-Aug-2020 21:44:08.329 INFO [localhost-startStop-1] org.apache.catalina.startup.HostConfig.deployDirectory Deploying web application directory [C:\Users\navee\AutomationFramework\apache-tomcat-8.5.57-windows-x64\apache-tomcat-8.5.57\webapps\docs]
17-Aug-2020 21:44:08.373 INFO [localhost-startStop-1] org.apache.catalina.startup.HostConfig.deployDirectory Deployment of web application directory [C:\Users\navee\AutomationFramework\apache-tomcat-8.5.57-windows-x64\apache-tomcat-8.5.57\webapps\docs] has finished in [45] ms
17-Aug-2020 21:44:08.374 INFO [localhost-startStop-1] org.apache.catalina.startup.HostConfig.deployDirectory Deploying web application directory [C:\Users\navee\AutomationFramework\apache-tomcat-8.5.57-windows-x64\apache-tomcat-8.5.57\webapps\examples]
17-Aug-2020 21:44:09.044 INFO [localhost-startStop-1] org.apache.catalina.startup.HostConfig.deployDirectory Deployment of web application directory [C:\Users\navee\AutomationFramework\apache-tomcat-8.5.57-windows-x64\apache-tomcat-8.5.57\webapps\examples] has finished in [671] ms
17-Aug-2020 21:44:09.046 INFO [localhost-startStop-1] org.apache.catalina.startup.HostConfig.deployDirectory Deploying web application directory [C:\Users\navee\AutomationFramework\apache-tomcat-8.5.57-windows-x64\apache-tomcat-8.5.57\webapps\host-manager]
17-Aug-2020 21:44:09.089 INFO [localhost-startStop-1] org.apache.catalina.startup.HostConfig.deployDirectory Deployment of web application directory [C:\Users\navee\AutomationFramework\apache-tomcat-8.5.57-windows-x64\apache-tomcat-8.5.57\webapps\host-manager] has finished in [43] ms
17-Aug-2020 21:44:09.090 INFO [localhost-startStop-1] org.apache.catalina.startup.HostConfig.deployDirectory Deploying web application directory [C:\Users\navee\AutomationFramework\apache-tomcat-8.5.57-windows-x64\apache-tomcat-8.5.57\webapps\manager]
17-Aug-2020 21:44:09.139 INFO [localhost-startStop-1] org.apache.catalina.startup.HostConfig.deployDirectory Deployment of web application directory [C:\Users\navee\AutomationFramework\apache-tomcat-8.5.57-windows-x64\apache-tomcat-8.5.57\webapps\manager] has finished in [49] ms
17-Aug-2020 21:44:09.140 INFO [localhost-startStop-1] org.apache.catalina.startup.HostConfig.deployDirectory Deploying web application directory [C:\Users\navee\AutomationFramework\apache-tomcat-8.5.57-windows-x64\apache-tomcat-8.5.57\webapps\ROOT]
17-Aug-2020 21:44:09.182 INFO [localhost-startStop-1] org.apache.catalina.startup.HostConfig.deployDirectory Deployment of web application directory [C:\Users\navee\AutomationFramework\apache-tomcat-8.5.57-windows-x64\apache-tomcat-8.5.57\webapps\ROOT] has finished in [42] ms
17-Aug-2020 21:44:09.189 INFO [main] org.apache.catalina.startup.Catalina.start Server startup in 1526 ms
